#
# A fatal error has been detected by the Java Runtime Environment:
#
#  EXCEPTION_ACCESS_VIOLATION (0xc0000005) at pc=0x00007ffd3a0666f0, pid=25620, tid=23996
#
# JRE version: OpenJDK Runtime Environment (15.0.1+9) (build 15.0.1+9-18)
# Java VM: OpenJDK 64-Bit Server VM (15.0.1+9-18, mixed mode, sharing, tiered, compressed oops, g1 gc, windows-amd64)
# Problematic frame:
# C  [glass.dll+0x266f0]
#
# No core dump will be written. Minidumps are not enabled by default on client versions of Windows
#
# If you would like to submit a bug report, please visit:
#   https://bugreport.java.com/bugreport/crash.jsp
#

---------------  S U M M A R Y ------------

Command Line: -agentlib:jdwp=transport=dt_socket,address=127.0.0.1:55400,suspend=y,server=n --add-modules=javafx.base,javafx.graphics --add-reads=javafx.base=ALL-UNNAMED --add-reads=javafx.graphics=ALL-UNNAMED -javaagent:C:\Users\Acer\AppData\Local\JetBrains\IdeaIC2020.2\captureAgent\debugger-agent.jar -Dfile.encoding=UTF-8 --module-path=C:\Users\Acer\.m2\repository\org\openjfx\javafx-base\15\javafx-base-15-win.jar;C:\Users\Acer\.m2\repository\org\openjfx\javafx-graphics\15\javafx-graphics-15-win.jar;D:\GitHub\java-competition-manager\competition\target\classes;C:\Users\Acer\.m2\repository\org\openjfx\javafx-fxml\11.0.1\javafx-fxml-11.0.1.jar;C:\Users\Acer\.m2\repository\org\openjfx\javafx-fxml\11.0.1\javafx-fxml-11.0.1-win.jar;C:\Users\Acer\.m2\repository\com\fasterxml\jackson\core\jackson-core\2.9.9\jackson-core-2.9.9.jar;C:\Users\Acer\.m2\repository\com\fasterxml\jackson\core\jackson-databind\2.9.9.3\jackson-databind-2.9.9.3.jar;C:\Users\Acer\.m2\repository\com\fasterxml\jackson\core\jackson-annotations\2.12.0\jackson-annotations-2.12.0.jar;C:\Users\Acer\.m2\repository\org\openjfx\javafx-controls\15\javafx-controls-15.jar;C:\Users\Acer\.m2\repository\org\openjfx\javafx-controls\15\javafx-controls-15-win.jar;C:\Users\Acer\.m2\repository\org\junit\jupiter\junit-jupiter\5.7.0\junit-jupiter-5.7.0.jar;C:\Users\Acer\.m2\repository\org\junit\jupiter\junit-jupiter-api\5.7.0\junit-jupiter-api-5.7.0.jar;C:\Users\Acer\.m2\repository\org\opentest4j\opentest4j\1.2.0\opentest4j-1.2.0.jar;C:\Users\Acer\.m2\repository\org\junit\platform\junit-platform-commons\1.7.0\junit-platform-commons-1.7.0.jar;C:\Users\Acer\.m2\repository\org\junit\jupiter\junit-jupiter-params\5.7.0\junit-jupiter-params-5.7.0.jar;C:\Users\Acer\.m2\repository\org\testng\testng\7.3.0\testng-7.3.0.jar;C:\Users\Acer\.m2\repository\com\beust\jcommander\1.78\jcommander-1.78.jar;C:\Users\Acer\.m2\repository\org\apache\ant\ant\1.10.3\ant-1.10.3.jar;C:\Users\Acer\.m2\repository\org\apache\ant\ant-launcher\1.10.3\ant-launcher-1.10.3.jar;C:\Users\Acer\.m2\repository\junit\junit\4.12\junit-4.12.jar;C:\Users\Acer\.m2\repository\org\hamcrest\hamcrest-core\1.3\hamcrest-core-1.3.jar;C:\Users\Acer\.m2\repository\com\google\inject\guice\4.2.2\guice-4.2.2-no_aop.jar;C:\Users\Acer\.m2\repository\javax\inject\javax.inject\1\javax.inject-1.jar;C:\U-Djdk.module.main=com.competition com.competition/com.competition.Main.Main

Host: Intel(R) Core(TM) i5-8300H CPU @ 2.30GHz, 8 cores, 15G,  Windows 10 , 64 bit Build 19041 (10.0.19041.804)
Time: Sun Feb 21 23:04:09 2021 Œrodkowoeuropejski czas stand. elapsed time: 384.569293 seconds (0d 0h 6m 24s)

---------------  T H R E A D  ---------------

Current thread (0x0000025661d03bd0):  VMThread "VM Thread" [stack: 0x0000007dae600000,0x0000007dae700000] [id=23996]

Stack: [0x0000007dae600000,0x0000007dae700000],  sp=0x0000007dae6fee80,  free space=1019k
Native frames: (J=compiled Java code, j=interpreted, Vv=VM code, C=native code)
C  [glass.dll+0x266f0]


siginfo: EXCEPTION_ACCESS_VIOLATION (0xc0000005), reading address 0x0000000000000000


Register to memory mapping:

RIP=0x00007ffd3a0666f0 glass.dll
RAX=0x0 is NULL
RBX=0x0000025663e324a0 is a global jni handle
RCX=0x0000025661d03bd0 points into unknown readable memory: 0x00007ffce9104238 | 38 42 10 e9 fc 7f 00 00
RDX=0x0000007dae6fee80 points into unknown readable memory: 0x0000000000000000 | 00 00 00 00 00 00 00 00
RSP=0x0000007dae6fee80 points into unknown readable memory: 0x0000000000000000 | 00 00 00 00 00 00 00 00
RBP=0x0000025663458588 points into unknown readable memory: 0x0000335bfc3cf3c3 | c3 f3 3c fc 5b 33 00 00
RSI=0x0000025663458560 points into unknown readable memory: 0x0003ccb22c0d40a3 | a3 40 0d 2c b2 cc 03 00
RDI=0x0000335bfc3cf3c3 is an unknown value
R8 =0x0000000000010002 is an unknown value
R9 =0x0000335bfc3cf3c3 is an unknown value
R10=0x0000000000008000 is an unknown value
R11=0x0000007dae6fee20 points into unknown readable memory: 0x0000025663458560 | 60 85 45 63 56 02 00 00
R12=0x00007ffd3a063b84 glass.dll
R13=0x00000256365923d0 points into unknown readable memory: 0x8000000900000001 | 01 00 00 00 09 00 00 80
R14=0x0000007dae6fef88 points into unknown readable memory: 0x0000007dae6fef70 | 70 ef 6f ae 7d 00 00 00
R15=0x0000025663458560 points into unknown readable memory: 0x0003ccb22c0d40a3 | a3 40 0d 2c b2 cc 03 00


Registers:
RAX=0x0000000000000000, RBX=0x0000025663e324a0, RCX=0x0000025661d03bd0, RDX=0x0000007dae6fee80
RSP=0x0000007dae6fee80, RBP=0x0000025663458588, RSI=0x0000025663458560, RDI=0x0000335bfc3cf3c3
R8 =0x0000000000010002, R9 =0x0000335bfc3cf3c3, R10=0x0000000000008000, R11=0x0000007dae6fee20
R12=0x00007ffd3a063b84, R13=0x00000256365923d0, R14=0x0000007dae6fef88, R15=0x0000025663458560
RIP=0x00007ffd3a0666f0, EFLAGS=0x0000000000010206

Top of Stack: (sp=0x0000007dae6fee80)
0x0000007dae6fee80:   0000000000000000 00007ffd5503f05b
0x0000007dae6fee90:   0000025663458570 0000025663458560
0x0000007dae6feea0:   fffffffffffffffe 00007ffd3a063b84
0x0000007dae6feeb0:   0000025663458568 00007ffd550442d6
0x0000007dae6feec0:   0000025663458570 0000025600000000
0x0000007dae6feed0:   0000025663458588 0000025663458560
0x0000007dae6feee0:   fffffffffffffffe 0000000000000000
0x0000007dae6feef0:   0000000000000001 00007ffd3a040000
0x0000007dae6fef00:   0000007dae6fef78 00007ffd550441fb
0x0000007dae6fef10:   0000000000000000 0000007dae6fef88
0x0000007dae6fef20:   0000007dae6ff240 00007ffd55120e40
0x0000007dae6fef30:   0000000000000000 00007ffd550441b4
0x0000007dae6fef40:   0000000000000000 0000000000000001
0x0000007dae6fef50:   0000000000000000 0000007dae6fef78
0x0000007dae6fef60:   0000000000000000 00007ffd3a063a12
0x0000007dae6fef70:   00007ffd3a07d118 0000007d00000002 

Instructions: (pc=0x00007ffd3a0666f0)
0x00007ffd3a0665f0:   8b 4d 60 e8 98 c9 ff ff 48 8b 55 68 48 8b 8d 08
0x00007ffd3a066600:   01 00 00 e8 49 be ff ff 33 d2 33 c9 e8 49 de ff
0x00007ffd3a066610:   ff 90 cc cc cc cc cc cc cc cc cc cc cc cc cc cc
0x00007ffd3a066620:   48 8d 8a 80 00 00 00 e9 14 e9 fe ff 48 89 54 24
0x00007ffd3a066630:   10 55 48 83 ec 20 48 8b ea 48 8d 05 dd ca ff ff
0x00007ffd3a066640:   48 83 c4 20 5d c3 cc 40 55 48 8b ea 48 8b 01 33
0x00007ffd3a066650:   c9 81 38 05 00 00 c0 0f 94 c1 8b c1 5d c3 cc 40
0x00007ffd3a066660:   55 48 83 ec 20 48 8b ea 8a 4d 40 48 83 c4 20 5d
0x00007ffd3a066670:   e9 df cd ff ff cc 40 55 48 83 ec 20 48 8b ea e8
0x00007ffd3a066680:   fc cb ff ff 8a 4d 38 48 83 c4 20 5d e9 c3 cd ff
0x00007ffd3a066690:   ff cc 40 55 48 83 ec 30 48 8b ea 48 8b 01 8b 10
0x00007ffd3a0666a0:   48 89 4c 24 28 89 54 24 20 4c 8d 0d a4 d1 ff ff
0x00007ffd3a0666b0:   4c 8b 45 70 8b 55 68 48 8b 4d 60 e8 30 cb ff ff
0x00007ffd3a0666c0:   90 48 83 c4 30 5d c3 cc cc cc cc cc cc cc cc cc
0x00007ffd3a0666d0:   40 53 48 83 ec 30 48 c7 44 24 20 fe ff ff ff 48
0x00007ffd3a0666e0:   8b 1d 2a 64 01 00 48 85 db 74 16 e8 90 85 ff ff
0x00007ffd3a0666f0:   4c 8b 00 48 8b d3 48 8b c8 41 ff 90 b0 00 00 00
0x00007ffd3a066700:   90 48 83 c4 30 5b c3 cc cc cc cc cc cc cc cc cc
0x00007ffd3a066710:   40 53 48 83 ec 20 48 8b 1d 9b 65 01 00 48 85 db
0x00007ffd3a066720:   74 57 b8 ff ff ff ff f0 0f c1 43 10 83 f8 01 75
0x00007ffd3a066730:   3d 48 85 db 74 38 48 8b 0b 48 85 c9 74 0d ff 15
0x00007ffd3a066740:   64 0b 00 00 48 c7 03 00 00 00 00 48 8b 4b 08 48
0x00007ffd3a066750:   85 c9 74 0d e8 37 c8 ff ff 48 c7 43 08 00 00 00
0x00007ffd3a066760:   00 ba 18 00 00 00 48 8b cb e8 22 c8 ff ff 48 c7
0x00007ffd3a066770:   05 3f 65 01 00 00 00 00 00 48 83 c4 20 5b c3 cc
0x00007ffd3a066780:   40 53 48 83 ec 20 48 8b 1d 0b 65 01 00 48 85 db
0x00007ffd3a066790:   74 57 b8 ff ff ff ff f0 0f c1 43 10 83 f8 01 75
0x00007ffd3a0667a0:   3d 48 85 db 74 38 48 8b 0b 48 85 c9 74 0d ff 15
0x00007ffd3a0667b0:   f4 0a 00 00 48 c7 03 00 00 00 00 48 8b 4b 08 48
0x00007ffd3a0667c0:   85 c9 74 0d e8 c7 c7 ff ff 48 c7 43 08 00 00 00
0x00007ffd3a0667d0:   00 ba 18 00 00 00 48 8b cb e8 b2 c7 ff ff 48 c7
0x00007ffd3a0667e0:   05 af 64 01 00 00 00 00 00 48 83 c4 20 5b c3 cc 


Stack slot to memory mapping:
stack at sp + 0 slots: 0x0 is NULL
stack at sp + 1 slots: 0x00007ffd5503f05b ucrtbase.dll
stack at sp + 2 slots: 0x0000025663458570 points into unknown readable memory: 0x0000335bfc3cf3c3 | c3 f3 3c fc 5b 33 00 00
stack at sp + 3 slots: 0x0000025663458560 points into unknown readable memory: 0x0003ccb22c0d40a3 | a3 40 0d 2c b2 cc 03 00
stack at sp + 4 slots: 0xfffffffffffffffe is an unknown value
stack at sp + 5 slots: 0x00007ffd3a063b84 glass.dll
stack at sp + 6 slots: 0x0000025663458568 points into unknown readable memory: 0x0000335bfc3cf3c3 | c3 f3 3c fc 5b 33 00 00
stack at sp + 7 slots: 0x00007ffd550442d6 ucrtbase.dll

VM_Operation (0x0000007dadffeef0): Exit, mode: safepoint, requested by thread 0x000002566c752440


---------------  P R O C E S S  ---------------

Threads class SMR info:
_java_thread_list=0x000002566acdf910, length=19, elements={
0x0000025636532e20, 0x0000025661d05360, 0x0000025661d07e50, 0x0000025662525e40,
0x0000025662527810, 0x0000025662534ad0, 0x0000025662539b20, 0x000002566254d0a0,
0x0000025661cec640, 0x0000025662c37980, 0x00000256631c9270, 0x000002566304cec0,
0x0000025662f22ef0, 0x0000025662f36f00, 0x0000025663979980, 0x0000025663718600,
0x0000025663716df0, 0x0000025663717c60, 0x000002566c752440
}

Java Threads: ( => current thread )
  0x0000025636532e20 JavaThread "main" [_thread_blocked, id=18988, stack(0x0000007dae000000,0x0000007dae100000)]
  0x0000025661d05360 JavaThread "Reference Handler" daemon [_thread_blocked, id=19276, stack(0x0000007dae700000,0x0000007dae800000)]
  0x0000025661d07e50 JavaThread "Finalizer" daemon [_thread_blocked, id=14012, stack(0x0000007dae800000,0x0000007dae900000)]
  0x0000025662525e40 JavaThread "Attach Listener" daemon [_thread_blocked, id=20184, stack(0x0000007daea00000,0x0000007daeb00000)]
  0x0000025662527810 JavaThread "Service Thread" daemon [_thread_blocked, id=5608, stack(0x0000007daeb00000,0x0000007daec00000)]
  0x0000025662534ad0 JavaThread "C2 CompilerThread0" daemon [_thread_blocked, id=20576, stack(0x0000007daec00000,0x0000007daed00000)]
  0x0000025662539b20 JavaThread "C1 CompilerThread0" daemon [_thread_blocked, id=17624, stack(0x0000007daed00000,0x0000007daee00000)]
  0x000002566254d0a0 JavaThread "Sweeper thread" daemon [_thread_blocked, id=4088, stack(0x0000007daee00000,0x0000007daef00000)]
  0x0000025661cec640 JavaThread "Common-Cleaner" daemon [_thread_blocked, id=21220, stack(0x0000007daef00000,0x0000007daf000000)]
  0x0000025662c37980 JavaThread "JDWP Event Helper Thread" daemon [_thread_blocked, id=11116, stack(0x0000007daf300000,0x0000007daf400000)]
  0x00000256631c9270 JavaThread "Notification Thread" daemon [_thread_blocked, id=27268, stack(0x0000007daf500000,0x0000007daf600000)]
  0x000002566304cec0 JavaThread "QuantumRenderer-0" daemon [_thread_blocked, id=24964, stack(0x0000007dafc00000,0x0000007dafd00000)]
  0x0000025662f22ef0 JavaThread "InvokeLaterDispatcher" daemon [_thread_blocked, id=4860, stack(0x0000007dafe00000,0x0000007daff00000)]
  0x0000025662f36f00 JavaThread "JavaFX Application Thread" [_thread_in_native, id=9544, stack(0x0000007db0000000,0x0000007db0100000)]
  0x0000025663979980 JavaThread "JavaFX-Launcher" [_thread_blocked, id=3756, stack(0x0000007db0200000,0x0000007db0300000)]
  0x0000025663718600 JavaThread "Thread-2" daemon [_thread_in_native, id=25128, stack(0x0000007daf100000,0x0000007daf200000)]
  0x0000025663716df0 JavaThread "Prism Font Disposer" daemon [_thread_blocked, id=21336, stack(0x0000007db0600000,0x0000007db0700000)]
  0x0000025663717c60 JavaThread "Cleaner-0" daemon [_thread_blocked, id=2560, stack(0x0000007db0900000,0x0000007db0a00000)]
  0x000002566c752440 JavaThread "SIGINT handler" daemon [_thread_blocked, id=24064, stack(0x0000007dadf00000,0x0000007dae000000)]

Other Threads:
=>0x0000025661d03bd0 VMThread "VM Thread" [stack: 0x0000007dae600000,0x0000007dae700000] [id=23996]
  0x0000025636581800 GCTaskThread "GC Thread#0" [stack: 0x0000007dae100000,0x0000007dae200000] [id=22348]
  0x0000025663009c10 GCTaskThread "GC Thread#1" [stack: 0x0000007daf700000,0x0000007daf800000] [id=19976]
  0x0000025663009f40 GCTaskThread "GC Thread#2" [stack: 0x0000007daf800000,0x0000007daf900000] [id=19200]
  0x000002566300a8d0 GCTaskThread "GC Thread#3" [stack: 0x0000007daf900000,0x0000007dafa00000] [id=25072]
  0x0000025663008f50 GCTaskThread "GC Thread#4" [stack: 0x0000007dafa00000,0x0000007dafb00000] [id=4812]
  0x0000025663008290 GCTaskThread "GC Thread#5" [stack: 0x0000007dafb00000,0x0000007dafc00000] [id=16928]
  0x00000256343dc1e0 ConcurrentGCThread "G1 Main Marker" [stack: 0x0000007dae200000,0x0000007dae300000] [id=27380]
  0x00000256343de0d0 ConcurrentGCThread "G1 Conc#0" [stack: 0x0000007dae300000,0x0000007dae400000] [id=28552]
  0x0000025663e728b0 ConcurrentGCThread "G1 Conc#1" [stack: 0x0000007db0800000,0x0000007db0900000] [id=16888]
  0x00000256365fd3b0 ConcurrentGCThread "G1 Refine#0" [stack: 0x0000007dae400000,0x0000007dae500000] [id=16460]
  0x00000256365fdc00 ConcurrentGCThread "G1 Young RemSet Sampling" [stack: 0x0000007dae500000,0x0000007dae600000] [id=696]

Threads with active compile tasks:
C1 CompilerThread0  
[error occurred during error reporting (printing all threads), id 0xc0000005, EXCEPTION_ACCESS_VIOLATION (0xc0000005) at pc=0x00007ffce8f50253]

VM state: at safepoint (shutting down)

VM Mutex/Monitor currently owned by a thread:  ([mutex/lock_event])
[0x000002563652eb30] Threads_lock - owner thread: 0x0000025661d03bd0
[0x000002563652e1a0] Heap_lock - owner thread: 0x000002566c752440

Heap address: 0x0000000702600000, size: 4058 MB, Compressed Oops mode: Zero based, Oop shift amount: 3
CDS archive(s) mapped at: [0x0000000800000000-0x0000000800b50000-0x0000000800b50000), size 11862016, SharedBaseAddress: 0x0000000800000000, ArchiveRelocationMode: 0.
Compressed class space mapped at: 0x0000000800b50000-0x0000000840b50000, size: 1073741824
Narrow klass base: 0x0000000800000000, Narrow klass shift: 3, Narrow klass range: 0x100000000

GC Precious Log:
 CPUs: 8 total, 8 available
 Memory: 16226M
 Large Page Support: Disabled
 NUMA Support: Disabled
 Compressed Oops: Enabled (Zero based)
 Heap Region Size: 2M
 Heap Min Capacity: 8M
 Heap Initial Capacity: 254M
 Heap Max Capacity: 4058M
 Pre-touch: Disabled
 Parallel Workers: 8
 Concurrent Workers: 2
 Concurrent Refinement Workers: 8
 Periodic GC: Disabled

Heap:
 garbage-first heap   total 75776K, used 38438K [0x0000000702600000, 0x0000000800000000)
  region size 2048K, 9 young (18432K), 3 survivors (6144K)
 Metaspace       used 24668K, capacity 24962K, committed 25088K, reserved 1071104K
  class space    used 3152K, capacity 3255K, committed 3328K, reserved 1048576K

Heap Regions: E=young(eden), S=young(survivor), O=old, HS=humongous(starts), HC=humongous(continues), CS=collection set, F=free, OA=open archive, CA=closed archive, TAMS=top-at-mark-start (previous, next)
|   0|0x0000000702600000, 0x0000000702800000, 0x0000000702800000|100%|HS|  |TAMS 0x0000000702800000, 0x0000000702600000| Complete 
|   1|0x0000000702800000, 0x0000000702a00000, 0x0000000702a00000|100%|HC|  |TAMS 0x0000000702a00000, 0x0000000702800000| Complete 
|   2|0x0000000702a00000, 0x0000000702b3f600, 0x0000000702c00000| 62%| O|  |TAMS 0x0000000702b3f600, 0x0000000702a00000| Untracked 
|   3|0x0000000702c00000, 0x0000000702e00000, 0x0000000702e00000|100%|HS|  |TAMS 0x0000000702c00000, 0x0000000702c00000| Complete 
|   4|0x0000000702e00000, 0x0000000703000000, 0x0000000703000000|100%|HS|  |TAMS 0x0000000702e00000, 0x0000000702e00000| Complete 
|   5|0x0000000703000000, 0x0000000703200000, 0x0000000703200000|100%|HC|  |TAMS 0x0000000703000000, 0x0000000703000000| Complete 
|   6|0x0000000703200000, 0x0000000703400000, 0x0000000703400000|100%| O|  |TAMS 0x0000000703200000, 0x0000000703200000| Untracked 
|   7|0x0000000703400000, 0x0000000703600000, 0x0000000703600000|100%| O|  |TAMS 0x0000000703400000, 0x0000000703400000| Untracked 
|   8|0x0000000703600000, 0x0000000703800000, 0x0000000703800000|100%| O|  |TAMS 0x0000000703600000, 0x0000000703600000| Untracked 
|   9|0x0000000703800000, 0x0000000703a00000, 0x0000000703a00000|100%| O|  |TAMS 0x0000000703800000, 0x0000000703800000| Untracked 
|  10|0x0000000703a00000, 0x0000000703c00000, 0x0000000703c00000|100%| O|  |TAMS 0x0000000703a00000, 0x0000000703a00000| Untracked 
|  11|0x0000000703c00000, 0x0000000703d8aa00, 0x0000000703e00000| 77%| O|  |TAMS 0x0000000703c00000, 0x0000000703c00000| Untracked 
|  12|0x0000000703e00000, 0x0000000703ebf830, 0x0000000704000000| 37%| S|CS|TAMS 0x0000000703e00000, 0x0000000703e00000| Complete 
|  13|0x0000000704000000, 0x0000000704200000, 0x0000000704200000|100%| S|CS|TAMS 0x0000000704000000, 0x0000000704000000| Complete 
|  14|0x0000000704200000, 0x0000000704400000, 0x0000000704400000|100%| S|CS|TAMS 0x0000000704200000, 0x0000000704200000| Complete 
|  15|0x0000000704400000, 0x0000000704400000, 0x0000000704600000|  0%| F|  |TAMS 0x0000000704400000, 0x0000000704400000| Untracked 
|  16|0x0000000704600000, 0x0000000704600000, 0x0000000704800000|  0%| F|  |TAMS 0x0000000704600000, 0x0000000704600000| Untracked 
|  17|0x0000000704800000, 0x0000000704800000, 0x0000000704a00000|  0%| F|  |TAMS 0x0000000704800000, 0x0000000704800000| Untracked 
|  18|0x0000000704a00000, 0x0000000704a00000, 0x0000000704c00000|  0%| F|  |TAMS 0x0000000704a00000, 0x0000000704a00000| Untracked 
|  19|0x0000000704c00000, 0x0000000704c00000, 0x0000000704e00000|  0%| F|  |TAMS 0x0000000704c00000, 0x0000000704c00000| Untracked 
|  20|0x0000000704e00000, 0x0000000704e00000, 0x0000000705000000|  0%| F|  |TAMS 0x0000000704e00000, 0x0000000704e00000| Untracked 
|  21|0x0000000705000000, 0x0000000705000000, 0x0000000705200000|  0%| F|  |TAMS 0x0000000705000000, 0x0000000705000000| Untracked 
|  22|0x0000000705200000, 0x0000000705200000, 0x0000000705400000|  0%| F|  |TAMS 0x0000000705200000, 0x0000000705200000| Untracked 
|  23|0x0000000705400000, 0x0000000705400000, 0x0000000705600000|  0%| F|  |TAMS 0x0000000705400000, 0x0000000705400000| Untracked 
|  24|0x0000000705600000, 0x0000000705600000, 0x0000000705800000|  0%| F|  |TAMS 0x0000000705600000, 0x0000000705600000| Untracked 
|  25|0x0000000705800000, 0x0000000705800000, 0x0000000705a00000|  0%| F|  |TAMS 0x0000000705800000, 0x0000000705800000| Untracked 
|  26|0x0000000705a00000, 0x0000000705a00000, 0x0000000705c00000|  0%| F|  |TAMS 0x0000000705a00000, 0x0000000705a00000| Untracked 
|  27|0x0000000705c00000, 0x0000000705c00000, 0x0000000705e00000|  0%| F|  |TAMS 0x0000000705c00000, 0x0000000705c00000| Untracked 
|  28|0x0000000705e00000, 0x0000000705e00000, 0x0000000706000000|  0%| F|  |TAMS 0x0000000705e00000, 0x0000000705e00000| Untracked 
|  93|0x000000070e000000, 0x000000070e000000, 0x000000070e200000|  0%| F|  |TAMS 0x000000070e000000, 0x000000070e000000| Untracked 
|  94|0x000000070e200000, 0x000000070e200000, 0x000000070e400000|  0%| F|  |TAMS 0x000000070e200000, 0x000000070e200000| Untracked 
|  95|0x000000070e400000, 0x000000070e419158, 0x000000070e600000|  4%| E|  |TAMS 0x000000070e400000, 0x000000070e400000| Complete 
|  96|0x000000070e600000, 0x000000070e800000, 0x000000070e800000|100%| E|CS|TAMS 0x000000070e600000, 0x000000070e600000| Complete 
|  97|0x000000070e800000, 0x000000070ea00000, 0x000000070ea00000|100%| E|CS|TAMS 0x000000070e800000, 0x000000070e800000| Complete 
|  98|0x000000070ea00000, 0x000000070ec00000, 0x000000070ec00000|100%| E|CS|TAMS 0x000000070ea00000, 0x000000070ea00000| Complete 
|  99|0x000000070ec00000, 0x000000070ee00000, 0x000000070ee00000|100%| E|CS|TAMS 0x000000070ec00000, 0x000000070ec00000| Complete 
| 126|0x0000000712200000, 0x0000000712400000, 0x0000000712400000|100%| E|CS|TAMS 0x0000000712200000, 0x0000000712200000| Complete 

Card table byte_map: [0x00000256563c0000,0x0000025656bb0000] _byte_map_base: 0x0000025652bad000

Marking Bits (Prev, Next): (CMBitMap*) 0x00000256343db8f0, (CMBitMap*) 0x00000256343db8b0
 Prev Bits: [0x000002565b310000, 0x000002565f278000)
 Next Bits: [0x00000256573a0000, 0x000002565b308000)

Polling page: 0x00000256344b0000

Metaspace:

Usage:
  Non-class:     21.20 MB capacity,    21.01 MB (>99%) used,   154.94 KB ( <1%) free+waste,    35.94 KB ( <1%) overhead. 
      Class:      3.18 MB capacity,     3.08 MB ( 97%) used,    88.64 KB (  3%) free+waste,    14.12 KB ( <1%) overhead. 
       Both:     24.38 MB capacity,    24.09 MB ( 99%) used,   243.58 KB ( <1%) free+waste,    50.06 KB ( <1%) overhead. 

Virtual space:
  Non-class space:       22.00 MB reserved,      21.25 MB ( 97%) committed 
      Class space:        1.00 GB reserved,       3.25 MB ( <1%) committed 
             Both:        1.02 GB reserved,      24.50 MB (  2%) committed 

Chunk freelists:
   Non-Class:  53.00 KB
       Class:  9.00 KB
        Both:  62.00 KB

MaxMetaspaceSize: 17179869184.00 GB
CompressedClassSpaceSize: 1.00 GB

CodeHeap 'non-profiled nmethods': size=120000Kb used=2858Kb max_used=2858Kb free=117141Kb
 bounds [0x000002564e370000, 0x000002564e640000, 0x00000256558a0000]
CodeHeap 'profiled nmethods': size=120000Kb used=10640Kb max_used=10640Kb free=109359Kb
 bounds [0x0000025646e40000, 0x00000256478b0000, 0x000002564e370000]
CodeHeap 'non-nmethods': size=5760Kb used=1574Kb max_used=1696Kb free=4185Kb
 bounds [0x00000256468a0000, 0x0000025646b10000, 0x0000025646e40000]
 total_blobs=5920 nmethods=5095 adapters=735
 compilation: enabled
              stopped_count=0, restarted_count=0
 full_count=0

Compilation events (20 events):
Event: 9.712 Thread 0x0000025662534ad0 nmethod 5093 0x000002564e636b10 code [0x000002564e636c80, 0x000002564e636d78]
Event: 12.608 Thread 0x0000025662539b20 5094       3       javafx.scene.Parent::doPickNodeLocal (42 bytes)
Event: 12.608 Thread 0x0000025662539b20 nmethod 5094 0x00000256478a2b10 code [0x00000256478a2d20, 0x00000256478a3468]
Event: 12.643 Thread 0x0000025662534ad0 5095       4       com.sun.javafx.tk.quantum.GlassViewEventHandler::mouseEventButton (60 bytes)
Event: 12.644 Thread 0x0000025662534ad0 nmethod 5095 0x000002564e636e90 code [0x000002564e637000, 0x000002564e637078]
Event: 12.834 Thread 0x0000025662534ad0 5096       4       com.sun.javafx.scene.EnteredExitedHandler::dispatchCapturingEvent (222 bytes)
Event: 12.842 Thread 0x0000025662534ad0 nmethod 5096 0x000002564e637190 code [0x000002564e6373c0, 0x000002564e6381d8]
Event: 12.867 Thread 0x0000025662534ad0 5097       4       javafx.beans.property.ReadOnlyDoubleWrapper$ReadOnlyPropertyImpl::get (8 bytes)
Event: 12.868 Thread 0x0000025662534ad0 nmethod 5097 0x000002564e638810 code [0x000002564e6389a0, 0x000002564e638a78]
Event: 12.903 Thread 0x0000025662534ad0 5098       4       com.sun.javafx.event.CompositeEventHandler::find (44 bytes)
Event: 12.904 Thread 0x0000025662534ad0 nmethod 5098 0x000002564e638b90 code [0x000002564e638d20, 0x000002564e638e38]
Event: 12.940 Thread 0x0000025662534ad0 5099       4       com.sun.javafx.event.CompositeEventDispatcher::dispatchBubblingEvent (35 bytes)
Event: 12.941 Thread 0x0000025662534ad0 nmethod 5099 0x000002564e638f90 code [0x000002564e639120, 0x000002564e639238]
Event: 86.150 Thread 0x0000025662534ad0 5100       4       com.sun.javafx.tk.quantum.QuantumToolkit::postPulse (133 bytes)
Event: 86.153 Thread 0x0000025662534ad0 nmethod 5100 0x000002564e639390 code [0x000002564e639540, 0x000002564e639878]
Event: 86.758 Thread 0x0000025662534ad0 5101       4       com.sun.javafx.tk.quantum.QuantumToolkit$$Lambda$103/0x0000000800bef840::run (8 bytes)
Event: 86.761 Thread 0x0000025662534ad0 nmethod 5101 0x000002564e639b10 code [0x000002564e639ce0, 0x000002564e63a128]
Event: 383.652 Thread 0x0000025662539b20 5103       3       java.util.LinkedList$ListItr::next (56 bytes)
Event: 383.652 Thread 0x0000025662539b20 nmethod 5103 0x00000256478a3710 code [0x00000256478a3900, 0x00000256478a3e58]
Event: 383.652 Thread 0x0000025662539b20 5104       3       java.util.LinkedList$ListItr::checkForComodification (23 bytes)

GC Heap History (8 events):
Event: 0.524 GC heap before
{Heap before GC invocations=0 (full 0):
 garbage-first heap   total 260096K, used 22528K [0x0000000702600000, 0x0000000800000000)
  region size 2048K, 11 young (22528K), 0 survivors (0K)
 Metaspace       used 2798K, capacity 5350K, committed 5504K, reserved 1056768K
  class space    used 302K, capacity 525K, committed 640K, reserved 1048576K
}
Event: 0.526 GC heap after
{Heap after GC invocations=1 (full 0):
 garbage-first heap   total 260096K, used 2063K [0x0000000702600000, 0x0000000800000000)
  region size 2048K, 2 young (4096K), 2 survivors (4096K)
 Metaspace       used 2798K, capacity 5350K, committed 5504K, reserved 1056768K
  class space    used 302K, capacity 525K, committed 640K, reserved 1048576K
}
Event: 1.187 GC heap before
{Heap before GC invocations=1 (full 0):
 garbage-first heap   total 260096K, used 43023K [0x0000000702600000, 0x0000000800000000)
  region size 2048K, 21 young (43008K), 2 survivors (4096K)
 Metaspace       used 11791K, capacity 12106K, committed 12416K, reserved 1060864K
  class space    used 1522K, capacity 1601K, committed 1664K, reserved 1048576K
}
Event: 1.192 GC heap after
{Heap after GC invocations=2 (full 0):
 garbage-first heap   total 260096K, used 11517K [0x0000000702600000, 0x0000000800000000)
  region size 2048K, 3 young (6144K), 3 survivors (6144K)
 Metaspace       used 11791K, capacity 12106K, committed 12416K, reserved 1060864K
  class space    used 1522K, capacity 1601K, committed 1664K, reserved 1048576K
}
Event: 1.860 GC heap before
{Heap before GC invocations=2 (full 0):
 garbage-first heap   total 260096K, used 56573K [0x0000000702600000, 0x0000000800000000)
  region size 2048K, 27 young (55296K), 3 survivors (6144K)
 Metaspace       used 20728K, capacity 21008K, committed 21248K, reserved 1067008K
  class space    used 2722K, capacity 2808K, committed 2816K, reserved 1048576K
}
Event: 1.870 GC heap after
{Heap after GC invocations=3 (full 0):
 garbage-first heap   total 260096K, used 17763K [0x0000000702600000, 0x0000000800000000)
  region size 2048K, 7 young (14336K), 7 survivors (14336K)
 Metaspace       used 20728K, capacity 21008K, committed 21248K, reserved 1067008K
  class space    used 2722K, capacity 2808K, committed 2816K, reserved 1048576K
}
Event: 7.568 GC heap before
{Heap before GC invocations=4 (full 0):
 garbage-first heap   total 75776K, used 54627K [0x0000000702600000, 0x0000000800000000)
  region size 2048K, 22 young (45056K), 7 survivors (14336K)
 Metaspace       used 24450K, capacity 24770K, committed 25088K, reserved 1071104K
  class space    used 3150K, capacity 3255K, committed 3328K, reserved 1048576K
}
Event: 7.589 GC heap after
{Heap after GC invocations=5 (full 0):
 garbage-first heap   total 75776K, used 28198K [0x0000000702600000, 0x0000000800000000)
  region size 2048K, 3 young (6144K), 3 survivors (6144K)
 Metaspace       used 24450K, capacity 24770K, committed 25088K, reserved 1071104K
  class space    used 3150K, capacity 3255K, committed 3328K, reserved 1048576K
}

Deoptimization events (20 events):
Event: 7.619 Thread 0x0000025662f36f00 DEOPT PACKING pc=0x000002564e5d1f40 sp=0x0000007db00f9e00
Event: 7.619 Thread 0x0000025662f36f00 DEOPT UNPACKING pc=0x00000256468ee42f sp=0x0000007db00f9db8 mode 2
Event: 7.620 Thread 0x0000025662f36f00 Uncommon trap: trap_request=0xffffffbe fr.pc=0x000002564e5d1f40 relative=0x00000000000016a0
Event: 7.620 Thread 0x0000025662f36f00 Uncommon trap: reason=profile_predicate action=maybe_recompile pc=0x000002564e5d1f40 method=javafx.scene.CssStyleHelper$CacheContainer.<init>(Ljavafx/scene/Node;Lcom/sun/javafx/css/StyleMap;I)V @ 164 c2
Event: 7.620 Thread 0x0000025662f36f00 DEOPT PACKING pc=0x000002564e5d1f40 sp=0x0000007db00fa100
Event: 7.620 Thread 0x0000025662f36f00 DEOPT UNPACKING pc=0x00000256468ee42f sp=0x0000007db00fa0b8 mode 2
Event: 7.621 Thread 0x0000025662f36f00 Uncommon trap: trap_request=0xffffffbe fr.pc=0x000002564e5d1f40 relative=0x00000000000016a0
Event: 7.621 Thread 0x0000025662f36f00 Uncommon trap: reason=profile_predicate action=maybe_recompile pc=0x000002564e5d1f40 method=javafx.scene.CssStyleHelper$CacheContainer.<init>(Ljavafx/scene/Node;Lcom/sun/javafx/css/StyleMap;I)V @ 164 c2
Event: 7.621 Thread 0x0000025662f36f00 DEOPT PACKING pc=0x000002564e5d1f40 sp=0x0000007db00f9f10
Event: 7.621 Thread 0x0000025662f36f00 DEOPT UNPACKING pc=0x00000256468ee42f sp=0x0000007db00f9ec8 mode 2
Event: 7.621 Thread 0x0000025662f36f00 Uncommon trap: trap_request=0xffffffbe fr.pc=0x000002564e5d1f40 relative=0x00000000000016a0
Event: 7.621 Thread 0x0000025662f36f00 Uncommon trap: reason=profile_predicate action=maybe_recompile pc=0x000002564e5d1f40 method=javafx.scene.CssStyleHelper$CacheContainer.<init>(Ljavafx/scene/Node;Lcom/sun/javafx/css/StyleMap;I)V @ 164 c2
Event: 7.621 Thread 0x0000025662f36f00 DEOPT PACKING pc=0x000002564e5d1f40 sp=0x0000007db00f9f10
Event: 7.621 Thread 0x0000025662f36f00 DEOPT UNPACKING pc=0x00000256468ee42f sp=0x0000007db00f9ec8 mode 2
Event: 7.666 Thread 0x0000025662f36f00 Uncommon trap: trap_request=0xffffff45 fr.pc=0x000002564e444204 relative=0x0000000000000fa4
Event: 7.666 Thread 0x0000025662f36f00 Uncommon trap: reason=unstable_if action=reinterpret pc=0x000002564e444204 method=java.util.WeakHashMap.expungeStaleEntries()V @ 66 c2
Event: 7.666 Thread 0x0000025662f36f00 DEOPT PACKING pc=0x000002564e444204 sp=0x0000007db00f8b60
Event: 7.666 Thread 0x0000025662f36f00 DEOPT UNPACKING pc=0x00000256468ee42f sp=0x0000007db00f8b30 mode 2
Event: 383.652 Thread 0x000002566c74ef50 DEOPT PACKING pc=0x0000025646fd0ad4 sp=0x0000007daf2ff250
Event: 383.652 Thread 0x000002566c74ef50 DEOPT UNPACKING pc=0x00000256468ee23f sp=0x0000007daf2fe6b0 mode 1

Classes unloaded (0 events):
No events

Classes redefined (0 events):
No events

Internal exceptions (20 events):
Event: 1.471 Thread 0x0000025662f36f00 Exception <a 'java/lang/ClassNotFoundException'{0x0000000710bc3db0}: com/sun/javafx/scene/control/skin/resources/controls> (0x0000000710bc3db0) 
thrown [./open/src/hotspot/share/prims/jni.cpp, line 599]
Event: 1.472 Thread 0x0000025662f36f00 Exception <a 'java/lang/ClassNotFoundException'{0x0000000710bd18a8}: com/sun/javafx/scene/control/skin/resources/controls_pl> (0x0000000710bd18a8) 
thrown [./open/src/hotspot/share/prims/jni.cpp, line 599]
Event: 1.472 Thread 0x0000025662f36f00 Exception <a 'java/lang/ClassNotFoundException'{0x0000000710bd2840}: com/sun/javafx/scene/control/skin/resources/controls_pl_PL> (0x0000000710bd2840) 
thrown [./open/src/hotspot/share/prims/jni.cpp, line 599]
Event: 1.617 Thread 0x0000025662f36f00 Implicit null exception at 0x000002564e472503 to 0x000002564e473a80
Event: 1.769 Thread 0x0000025662f36f00 Exception <a 'java/lang/NoSuchMethodError'{0x000000070f0ea818}: 'java.lang.Object java.lang.invoke.DirectMethodHandle$Holder.newInvokeSpecial(java.lang.Object, java.lang.Object, int)'> (0x000000070f0ea818) 
thrown [./open/src/hotspot/share/interpreter/linkResolver.cpp, line 782]
Event: 1.853 Thread 0x000002566304cec0 Exception <a 'java/lang/NoSuchMethodError'{0x000000070ef1e698}: 'int java.lang.invoke.DirectMethodHandle$Holder.invokeStaticInit(java.lang.Object, java.lang.Object)'> (0x000000070ef1e698) 
thrown [./open/src/hotspot/share/interpreter/linkResolver.cpp, line 782]
Event: 3.240 Thread 0x0000025662f36f00 Implicit null exception at 0x000002564e4c0641 to 0x000002564e4c2580
Event: 3.464 Thread 0x0000025662f36f00 Exception <a 'java/lang/NoSuchMethodError'{0x00000007058180a0}: 'long java.lang.invoke.DirectMethodHandle$Holder.invokeStatic(java.lang.Object, java.lang.Object, java.lang.Object)'> (0x00000007058180a0) 
thrown [./open/src/hotspot/share/interpreter/linkResolver.cpp, line 782]
Event: 3.464 Thread 0x0000025662f36f00 Exception <a 'java/lang/NoSuchMethodError'{0x000000070581bcf8}: 'long java.lang.invoke.DirectMethodHandle$Holder.invokeStaticInit(java.lang.Object, java.lang.Object, java.lang.Object)'> (0x000000070581bcf8) 
thrown [./open/src/hotspot/share/interpreter/linkResolver.cpp, line 782]
Event: 3.466 Thread 0x0000025662f36f00 Exception <a 'java/lang/NoSuchMethodError'{0x0000000705834000}: 'java.lang.Object java.lang.invoke.DirectMethodHandle$Holder.newInvokeSpecial(java.lang.Object, java.lang.Object, long)'> (0x0000000705834000) 
thrown [./open/src/hotspot/share/interpreter/linkResolver.cpp, line 782]
Event: 3.466 Thread 0x0000025662f36f00 Exception <a 'java/lang/NoSuchMethodError'{0x0000000705837d70}: 'java.lang.Object java.lang.invoke.Invokers$Holder.linkToTargetMethod(java.lang.Object, long, java.lang.Object)'> (0x0000000705837d70) 
thrown [./open/src/hotspot/share/interpreter/linkResolver.cpp, line 782]
Event: 3.538 Thread 0x0000025662f36f00 Implicit null exception at 0x000002564e4b94f1 to 0x000002564e4b9548
Event: 3.554 Thread 0x000002566304cec0 Implicit null exception at 0x000002564e5178e0 to 0x000002564e518448
Event: 4.431 Thread 0x0000025662f36f00 Exception <a 'java/lang/NoSuchMethodError'{0x000000070576d738}: 'java.lang.Object java.lang.invoke.Invokers$Holder.linkToTargetMethod(java.lang.Object, java.lang.Object, java.lang.Object, java.lang.Object, java.lang.Object, java.lang.Object, java.lang.Object, java.lang.Object, java.lang.Object, java.lang.Object, java.lang.Object, java.lang.Object, java.lang.Object, java.lang.Object, java.lang.Object, java.lang.Object, java.lang.Object, java.lang.Object, java.lang.Object)'> (0x000000070576d738) 
thrown [./o
Event: 4.467 Thread 0x0000025662f36f00 Exception <a 'java/lang/NoSuchMethodError'{0x0000000705216710}: 'void java.lang.invoke.DirectMethodHandle$Holder.invokeSpecial(java.lang.Object, java.lang.Object, java.lang.Object, java.lang.Object, java.lang.Object, java.lang.Object)'> (0x0000000705216710) 
thrown [./open/src/hotspot/share/interpreter/linkResolver.cpp, line 782]
Event: 6.293 Thread 0x0000025662f36f00 Exception <a 'java/io/FileNotFoundException'{0x0000000704eb8ea0}> (0x0000000704eb8ea0) 
thrown [./open/src/hotspot/share/prims/jni.cpp, line 578]
Event: 6.345 Thread 0x0000025662f36f00 Implicit null exception at 0x000002564e54f9b3 to 0x000002564e55122c
Event: 6.347 Thread 0x0000025662f36f00 Exception <a 'sun/nio/fs/WindowsException'{0x0000000704c399f8}> (0x0000000704c399f8) 
thrown [./open/src/hotspot/share/prims/jni.cpp, line 578]
Event: 6.436 Thread 0x000002566304cec0 Exception <a 'java/lang/NoSuchMethodError'{0x0000000705117328}: 'java.lang.Object java.lang.invoke.DirectMethodHandle$Holder.invokeStaticInit(java.lang.Object, int)'> (0x0000000705117328) 
thrown [./open/src/hotspot/share/interpreter/linkResolver.cpp, line 782]
Event: 7.491 Thread 0x0000025662f36f00 Exception <a 'java/io/FileNotFoundException'{0x00000007049cdfd0}> (0x00000007049cdfd0) 
thrown [./open/src/hotspot/share/prims/jni.cpp, line 578]

Events (20 events):
Event: 383.625 Executing VM operation: ChangeBreakpoints done
Event: 383.626 Executing VM operation: ChangeBreakpoints
Event: 383.626 Executing VM operation: ChangeBreakpoints done
Event: 383.626 Executing VM operation: ChangeBreakpoints
Event: 383.626 Executing VM operation: ChangeBreakpoints done
Event: 383.626 Thread 0x0000025662c43130 Thread exited: 0x0000025662c43130
Event: 383.627 Thread 0x0000025662abdf80 Thread exited: 0x0000025662abdf80
Event: 383.649 loading class jdk/internal/misc/Signal$1
Event: 383.650 loading class jdk/internal/misc/Signal$1 done
Event: 383.650 Thread 0x000002566c752440 Thread added: 0x000002566c752440
Event: 383.650 Thread 0x000002566c74e5b0 Thread added: 0x000002566c74e5b0
Event: 383.650 Thread 0x000002566c74ef50 Thread added: 0x000002566c74ef50
Event: 383.651 Thread 0x000002566c74e5b0 Thread exited: 0x000002566c74e5b0
Event: 383.651 loading class com/sun/javafx/tk/quantum/QuantumRenderer
Event: 383.651 loading class com/sun/javafx/tk/quantum/QuantumRenderer done
Event: 383.651 loading class com/sun/javafx/tk/quantum/QuantumToolkit
Event: 383.651 loading class com/sun/javafx/tk/quantum/QuantumToolkit done
Event: 383.652 Thread 0x000002566c74ef50 Thread exited: 0x000002566c74ef50
Event: 383.652 Thread 0x0000025662525480 Thread exited: 0x0000025662525480
Event: 383.652 Executing VM operation: Exit


Dynamic libraries:
0x00007ff658da0000 - 0x00007ff658dad000 	D:\Users\Acer\.jdks\openjdk-15.0.1\bin\java.exe
0x00007ffd57890000 - 0x00007ffd57a86000 	C:\WINDOWS\SYSTEM32\ntdll.dll
0x00007ffd56310000 - 0x00007ffd563cd000 	C:\WINDOWS\System32\KERNEL32.DLL
0x00007ffd55620000 - 0x00007ffd558e9000 	C:\WINDOWS\System32\KERNELBASE.dll
0x00007ffd55030000 - 0x00007ffd55130000 	C:\WINDOWS\System32\ucrtbase.dll
0x00007ffd4fdc0000 - 0x00007ffd4fdd8000 	D:\Users\Acer\.jdks\openjdk-15.0.1\bin\jli.dll
0x00007ffd4f9b0000 - 0x00007ffd4f9c9000 	D:\Users\Acer\.jdks\openjdk-15.0.1\bin\VCRUNTIME140.dll
0x00007ffd55a20000 - 0x00007ffd55bc0000 	C:\WINDOWS\System32\USER32.dll
0x00007ffd3b0a0000 - 0x00007ffd3b33b000 	C:\WINDOWS\WinSxS\amd64_microsoft.windows.common-controls_6595b64144ccf1df_6.0.19041.746_none_ca02b4b61b8320a4\COMCTL32.dll
0x00007ffd55000000 - 0x00007ffd55022000 	C:\WINDOWS\System32\win32u.dll
0x00007ffd56fd0000 - 0x00007ffd5706e000 	C:\WINDOWS\System32\msvcrt.dll
0x00007ffd57070000 - 0x00007ffd5709a000 	C:\WINDOWS\System32\GDI32.dll
0x00007ffd55390000 - 0x00007ffd5549b000 	C:\WINDOWS\System32\gdi32full.dll
0x00007ffd55130000 - 0x00007ffd551cd000 	C:\WINDOWS\System32\msvcp_win.dll
0x00007ffd57290000 - 0x00007ffd572c0000 	C:\WINDOWS\System32\IMM32.DLL
0x00007ffd4fa50000 - 0x00007ffd4fa5c000 	D:\Users\Acer\.jdks\openjdk-15.0.1\bin\vcruntime140_1.dll
0x00007ffd4b6d0000 - 0x00007ffd4b761000 	D:\Users\Acer\.jdks\openjdk-15.0.1\bin\msvcp140.dll
0x00007ffce8800000 - 0x00007ffce935e000 	D:\Users\Acer\.jdks\openjdk-15.0.1\bin\server\jvm.dll
0x00007ffd56f20000 - 0x00007ffd56fcc000 	C:\WINDOWS\System32\ADVAPI32.dll
0x00007ffd572c0000 - 0x00007ffd5735c000 	C:\WINDOWS\System32\sechost.dll
0x00007ffd56500000 - 0x00007ffd5662b000 	C:\WINDOWS\System32\RPCRT4.dll
0x00007ffd566f0000 - 0x00007ffd566f8000 	C:\WINDOWS\System32\PSAPI.DLL
0x00007ffd527a0000 - 0x00007ffd527a9000 	C:\WINDOWS\SYSTEM32\WSOCK32.dll
0x00007ffd4f020000 - 0x00007ffd4f02a000 	C:\WINDOWS\SYSTEM32\VERSION.dll
0x00007ffd49110000 - 0x00007ffd49137000 	C:\WINDOWS\SYSTEM32\WINMM.dll
0x00007ffd56ea0000 - 0x00007ffd56f0b000 	C:\WINDOWS\System32\WS2_32.dll
0x00007ffd52f00000 - 0x00007ffd52f12000 	C:\WINDOWS\SYSTEM32\kernel.appcore.dll
0x00007ffd4f8d0000 - 0x00007ffd4f8da000 	D:\Users\Acer\.jdks\openjdk-15.0.1\bin\jimage.dll
0x00007ffd3dcc0000 - 0x00007ffd3dea4000 	C:\WINDOWS\SYSTEM32\DBGHELP.DLL
0x00007ffd3b350000 - 0x00007ffd3b37c000 	C:\WINDOWS\SYSTEM32\dbgcore.DLL
0x00007ffd555a0000 - 0x00007ffd55620000 	C:\WINDOWS\System32\bcryptPrimitives.dll
0x00007ffd4a8c0000 - 0x00007ffd4a8f9000 	D:\Users\Acer\.jdks\openjdk-15.0.1\bin\jdwp.dll
0x00007ffd4f400000 - 0x00007ffd4f40e000 	D:\Users\Acer\.jdks\openjdk-15.0.1\bin\instrument.dll
0x00007ffd4b6a0000 - 0x00007ffd4b6c5000 	D:\Users\Acer\.jdks\openjdk-15.0.1\bin\java.dll
0x00007ffd55bc0000 - 0x00007ffd56302000 	C:\WINDOWS\System32\SHELL32.dll
0x00007ffd53100000 - 0x00007ffd53890000 	C:\WINDOWS\SYSTEM32\windows.storage.dll
0x00007ffd57410000 - 0x00007ffd57766000 	C:\WINDOWS\System32\combase.dll
0x00007ffd54a30000 - 0x00007ffd54a5c000 	C:\WINDOWS\SYSTEM32\Wldp.dll
0x00007ffd56640000 - 0x00007ffd566ee000 	C:\WINDOWS\System32\SHCORE.dll
0x00007ffd558f0000 - 0x00007ffd55945000 	C:\WINDOWS\System32\shlwapi.dll
0x00007ffd54f00000 - 0x00007ffd54f26000 	C:\WINDOWS\SYSTEM32\profapi.dll
0x00007ffd4a8a0000 - 0x00007ffd4a8b9000 	D:\users\Acer\.jdks\openjdk-15.0.1\bin\net.dll
0x00007ffd4c080000 - 0x00007ffd4c180000 	C:\WINDOWS\SYSTEM32\WINHTTP.dll
0x00007ffd547b0000 - 0x00007ffd5481a000 	C:\WINDOWS\system32\mswsock.dll
0x00007ffd4a880000 - 0x00007ffd4a892000 	D:\users\Acer\.jdks\openjdk-15.0.1\bin\nio.dll
0x00007ffd4a780000 - 0x00007ffd4a798000 	D:\users\Acer\.jdks\openjdk-15.0.1\bin\zip.dll
0x00007ffd4b8c0000 - 0x00007ffd4b8cb000 	D:\Users\Acer\.jdks\openjdk-15.0.1\bin\dt_socket.dll
0x00007ffd54450000 - 0x00007ffd5448b000 	C:\WINDOWS\SYSTEM32\IPHLPAPI.DLL
0x00000256344f0000 - 0x00000256344f3000 	C:\Users\Acer\.openjfx\cache\15\api-ms-win-core-console-l1-1-0.dll
0x0000025634500000 - 0x0000025634503000 	C:\Users\Acer\.openjfx\cache\15\api-ms-win-core-console-l1-2-0.dll
0x0000025634510000 - 0x0000025634513000 	C:\Users\Acer\.openjfx\cache\15\api-ms-win-core-datetime-l1-1-0.dll
0x0000025634520000 - 0x0000025634523000 	C:\Users\Acer\.openjfx\cache\15\api-ms-win-core-debug-l1-1-0.dll
0x0000025634530000 - 0x0000025634533000 	C:\Users\Acer\.openjfx\cache\15\api-ms-win-core-errorhandling-l1-1-0.dll
0x0000025634540000 - 0x0000025634544000 	C:\Users\Acer\.openjfx\cache\15\api-ms-win-core-file-l1-1-0.dll
0x00000256364c0000 - 0x00000256364c3000 	C:\Users\Acer\.openjfx\cache\15\api-ms-win-core-file-l1-2-0.dll
0x00000256364d0000 - 0x00000256364d3000 	C:\Users\Acer\.openjfx\cache\15\api-ms-win-core-file-l2-1-0.dll
0x00000256364e0000 - 0x00000256364e3000 	C:\Users\Acer\.openjfx\cache\15\api-ms-win-core-handle-l1-1-0.dll
0x00000256364f0000 - 0x00000256364f3000 	C:\Users\Acer\.openjfx\cache\15\api-ms-win-core-heap-l1-1-0.dll
0x00000256641f0000 - 0x00000256641f3000 	C:\Users\Acer\.openjfx\cache\15\api-ms-win-core-interlocked-l1-1-0.dll
0x0000025664200000 - 0x0000025664203000 	C:\Users\Acer\.openjfx\cache\15\api-ms-win-core-libraryloader-l1-1-0.dll
0x0000025664210000 - 0x0000025664213000 	C:\Users\Acer\.openjfx\cache\15\api-ms-win-core-localization-l1-2-0.dll
0x0000025664220000 - 0x0000025664223000 	C:\Users\Acer\.openjfx\cache\15\api-ms-win-core-memory-l1-1-0.dll
0x0000025664230000 - 0x0000025664233000 	C:\Users\Acer\.openjfx\cache\15\api-ms-win-core-namedpipe-l1-1-0.dll
0x0000025664240000 - 0x0000025664243000 	C:\Users\Acer\.openjfx\cache\15\api-ms-win-core-processenvironment-l1-1-0.dll
0x0000025664250000 - 0x0000025664253000 	C:\Users\Acer\.openjfx\cache\15\api-ms-win-core-processthreads-l1-1-0.dll
0x0000025664260000 - 0x0000025664263000 	C:\Users\Acer\.openjfx\cache\15\api-ms-win-core-processthreads-l1-1-1.dll
0x0000025664270000 - 0x0000025664273000 	C:\Users\Acer\.openjfx\cache\15\api-ms-win-core-profile-l1-1-0.dll
0x0000025664280000 - 0x0000025664283000 	C:\Users\Acer\.openjfx\cache\15\api-ms-win-core-rtlsupport-l1-1-0.dll
0x0000025664290000 - 0x0000025664293000 	C:\Users\Acer\.openjfx\cache\15\api-ms-win-core-string-l1-1-0.dll
0x00000256642a0000 - 0x00000256642a3000 	C:\Users\Acer\.openjfx\cache\15\api-ms-win-core-synch-l1-1-0.dll
0x00000256642b0000 - 0x00000256642b3000 	C:\Users\Acer\.openjfx\cache\15\api-ms-win-core-synch-l1-2-0.dll
0x00000256642c0000 - 0x00000256642c3000 	C:\Users\Acer\.openjfx\cache\15\api-ms-win-core-sysinfo-l1-1-0.dll
0x00000256642d0000 - 0x00000256642d3000 	C:\Users\Acer\.openjfx\cache\15\api-ms-win-core-timezone-l1-1-0.dll
0x00000256642e0000 - 0x00000256642e3000 	C:\Users\Acer\.openjfx\cache\15\api-ms-win-core-util-l1-1-0.dll
0x00000256642f0000 - 0x00000256642f3000 	C:\Users\Acer\.openjfx\cache\15\api-ms-win-crt-conio-l1-1-0.dll
0x0000025664300000 - 0x0000025664304000 	C:\Users\Acer\.openjfx\cache\15\api-ms-win-crt-convert-l1-1-0.dll
0x0000025664310000 - 0x0000025664313000 	C:\Users\Acer\.openjfx\cache\15\api-ms-win-crt-environment-l1-1-0.dll
0x0000025664320000 - 0x0000025664323000 	C:\Users\Acer\.openjfx\cache\15\api-ms-win-crt-filesystem-l1-1-0.dll
0x0000025664330000 - 0x0000025664333000 	C:\Users\Acer\.openjfx\cache\15\api-ms-win-crt-heap-l1-1-0.dll
0x0000025664340000 - 0x0000025664343000 	C:\Users\Acer\.openjfx\cache\15\api-ms-win-crt-locale-l1-1-0.dll
0x0000025664350000 - 0x0000025664355000 	C:\Users\Acer\.openjfx\cache\15\api-ms-win-crt-math-l1-1-0.dll
0x0000025664360000 - 0x0000025664365000 	C:\Users\Acer\.openjfx\cache\15\api-ms-win-crt-multibyte-l1-1-0.dll
0x0000025664370000 - 0x0000025664380000 	C:\Users\Acer\.openjfx\cache\15\api-ms-win-crt-private-l1-1-0.dll
0x0000025664380000 - 0x0000025664383000 	C:\Users\Acer\.openjfx\cache\15\api-ms-win-crt-process-l1-1-0.dll
0x0000025664390000 - 0x0000025664394000 	C:\Users\Acer\.openjfx\cache\15\api-ms-win-crt-runtime-l1-1-0.dll
0x00000256643a0000 - 0x00000256643a4000 	C:\Users\Acer\.openjfx\cache\15\api-ms-win-crt-stdio-l1-1-0.dll
0x00000256643b0000 - 0x00000256643b4000 	C:\Users\Acer\.openjfx\cache\15\api-ms-win-crt-string-l1-1-0.dll
0x00000256643c0000 - 0x00000256643c3000 	C:\Users\Acer\.openjfx\cache\15\api-ms-win-crt-time-l1-1-0.dll
0x00000256643d0000 - 0x00000256643d3000 	C:\Users\Acer\.openjfx\cache\15\api-ms-win-crt-utility-l1-1-0.dll
0x00007ffd3a090000 - 0x00007ffd3a18c000 	C:\Users\Acer\.openjfx\cache\15\ucrtbase.dll
0x00007ffd4a730000 - 0x00007ffd4a745000 	C:\Users\Acer\.openjfx\cache\15\vcruntime140.dll
0x00007ffd49310000 - 0x00007ffd493ab000 	C:\Users\Acer\.openjfx\cache\15\msvcp140.dll
0x00007ffd4a250000 - 0x00007ffd4a273000 	C:\Users\Acer\.openjfx\cache\15\prism_d3d.dll
0x00007ffd4acc0000 - 0x00007ffd4ae8f000 	C:\WINDOWS\system32\d3d9.dll
0x00007ffd52c10000 - 0x00007ffd52c3f000 	C:\WINDOWS\SYSTEM32\dwmapi.dll
0x00007ffd52a40000 - 0x00007ffd52ade000 	C:\WINDOWS\system32\uxtheme.dll
0x00007ffd55230000 - 0x00007ffd55386000 	C:\WINDOWS\System32\crypt32.dll
0x00007ffd551d0000 - 0x00007ffd55230000 	C:\WINDOWS\System32\WINTRUST.DLL
0x00007ffd54bb0000 - 0x00007ffd54bc2000 	C:\WINDOWS\SYSTEM32\MSASN1.dll
0x00007ffd57210000 - 0x00007ffd5722d000 	C:\WINDOWS\System32\imagehlp.dll
0x00007ffd54980000 - 0x00007ffd54998000 	C:\WINDOWS\SYSTEM32\CRYPTSP.dll
0x00007ffd540e0000 - 0x00007ffd54114000 	C:\WINDOWS\system32\rsaenh.dll
0x00007ffd54fd0000 - 0x00007ffd54ff7000 	C:\WINDOWS\System32\bcrypt.dll
0x00007ffd549a0000 - 0x00007ffd549ac000 	C:\WINDOWS\SYSTEM32\CRYPTBASE.dll
0x00007ffd46470000 - 0x00007ffd4658a000 	C:\WINDOWS\System32\DriverStore\FileRepository\igdlh64.inf_amd64_4b34c18659561116\igdgmm64.dll
0x00007ffcf9fa0000 - 0x00007ffcfd922000 	C:\WINDOWS\System32\DriverStore\FileRepository\igdlh64.inf_amd64_4b34c18659561116\igd9dxva64.dll
0x00007ffd563d0000 - 0x00007ffd564fa000 	C:\WINDOWS\System32\OLE32.dll
0x00007ffd55950000 - 0x00007ffd55a1d000 	C:\WINDOWS\System32\OLEAUT32.dll
0x00007ffd3a040000 - 0x00007ffd3a085000 	C:\Users\Acer\.openjfx\cache\15\glass.dll
0x00007ffd57770000 - 0x00007ffd5784a000 	C:\WINDOWS\System32\COMDLG32.dll
0x00007ffd4da30000 - 0x00007ffd4da40000 	D:\Users\Acer\.jdks\openjdk-15.0.1\bin\verify.dll
0x00007ffd56d80000 - 0x00007ffd56e95000 	C:\WINDOWS\System32\MSCTF.dll
0x00007ffd31040000 - 0x00007ffd312e7000 	C:\WINDOWS\system32\nvspcap64.dll
0x00007ffd53ce0000 - 0x00007ffd53d13000 	C:\WINDOWS\SYSTEM32\ntmarta.dll
0x00007ffd53890000 - 0x00007ffd538b3000 	C:\WINDOWS\SYSTEM32\gpapi.dll
0x00007ffd48270000 - 0x00007ffd482a1000 	C:\WINDOWS\SYSTEM32\cryptnet.dll
0x00007ffd4f060000 - 0x00007ffd4f09b000 	C:\WINDOWS\SYSTEM32\dxcore.dll
0x00007ffd554a0000 - 0x00007ffd554ee000 	C:\WINDOWS\System32\cfgmgr32.dll
0x00007ffd49d90000 - 0x00007ffd49da4000 	C:\Users\Acer\.openjfx\cache\15\javafx_font.dll
0x00007ffd39240000 - 0x00007ffd394bf000 	C:\WINDOWS\SYSTEM32\dwrite.dll
0x00007ffd57360000 - 0x00007ffd57409000 	C:\WINDOWS\System32\clbcatq.dll
0x00007ffd4e920000 - 0x00007ffd4ead4000 	C:\WINDOWS\SYSTEM32\WindowsCodecs.dll
0x00007ffd49780000 - 0x00007ffd497be000 	C:\WINDOWS\system32\dataexchange.dll
0x00007ffd51460000 - 0x00007ffd516c4000 	C:\WINDOWS\system32\d3d11.dll
0x00007ffd51c90000 - 0x00007ffd51e77000 	C:\WINDOWS\system32\dcomp.dll
0x00007ffd538e0000 - 0x00007ffd539d3000 	C:\WINDOWS\system32\dxgi.dll
0x00007ffd50390000 - 0x00007ffd50591000 	C:\WINDOWS\system32\twinapi.appcore.dll
0x00007ffd3aa90000 - 0x00007ffd3aac4000 	C:\Program Files\Common Files\Microsoft Shared\Ink\rtscom.dll

dbghelp: loaded successfully - version: 4.0.5 - missing functions: none
symbol engine: initialized successfully - sym options: 0x614 - pdb path: .;D:\Users\Acer\.jdks\openjdk-15.0.1\bin;C:\WINDOWS\SYSTEM32;C:\WINDOWS\WinSxS\amd64_microsoft.windows.common-controls_6595b64144ccf1df_6.0.19041.746_none_ca02b4b61b8320a4;D:\Users\Acer\.jdks\openjdk-15.0.1\bin\server;C:\Users\Acer\.openjfx\cache\15;C:\WINDOWS\System32\DriverStore\FileRepository\nvac.inf_amd64_06bf0d76707109fb;C:\WINDOWS\System32\DriverStore\FileRepository\igdlh64.inf_amd64_4b34c18659561116;C:\Program Files\Common Files\Microsoft Shared\Ink

VM Arguments:
jvm_args: -agentlib:jdwp=transport=dt_socket,address=127.0.0.1:55400,suspend=y,server=n --add-modules=javafx.base,javafx.graphics --add-reads=javafx.base=ALL-UNNAMED --add-reads=javafx.graphics=ALL-UNNAMED -javaagent:C:\Users\Acer\AppData\Local\JetBrains\IdeaIC2020.2\captureAgent\debugger-agent.jar -Dfile.encoding=UTF-8 --module-path=C:\Users\Acer\.m2\repository\org\openjfx\javafx-base\15\javafx-base-15-win.jar;C:\Users\Acer\.m2\repository\org\openjfx\javafx-graphics\15\javafx-graphics-15-win.jar;D:\GitHub\java-competition-manager\competition\target\classes;C:\Users\Acer\.m2\repository\org\openjfx\javafx-fxml\11.0.1\javafx-fxml-11.0.1.jar;C:\Users\Acer\.m2\repository\org\openjfx\javafx-fxml\11.0.1\javafx-fxml-11.0.1-win.jar;C:\Users\Acer\.m2\repository\com\fasterxml\jackson\core\jackson-core\2.9.9\jackson-core-2.9.9.jar;C:\Users\Acer\.m2\repository\com\fasterxml\jackson\core\jackson-databind\2.9.9.3\jackson-databind-2.9.9.3.jar;C:\Users\Acer\.m2\repository\com\fasterxml\jackson\core\jackson-annotations\2.12.0\jackson-annotations-2.12.0.jar;C:\Users\Acer\.m2\repository\org\openjfx\javafx-controls\15\javafx-controls-15.jar;C:\Users\Acer\.m2\repository\org\openjfx\javafx-controls\15\javafx-controls-15-win.jar;C:\Users\Acer\.m2\repository\org\junit\jupiter\junit-jupiter\5.7.0\junit-jupiter-5.7.0.jar;C:\Users\Acer\.m2\repository\org\junit\jupiter\junit-jupiter-api\5.7.0\junit-jupiter-api-5.7.0.jar;C:\Users\Acer\.m2\repository\org\opentest4j\opentest4j\1.2.0\opentest4j-1.2.0.jar;C:\Users\Acer\.m2\repository\org\junit\platform\junit-platform-commons\1.7.0\junit-platform-commons-1.7.0.jar;C:\Users\Acer\.m2\repository\org\junit\jupiter\junit-jupiter-params\5.7.0\junit-jupiter-params-5.7.0.jar;C:\Users\Acer\.m2\repository\org\testng\testng\7.3.0\testng-7.3.0.jar;C:\Users\Acer\.m2\repository\com\beust\jcommander\1.78\jcommander-1.78.jar;C:\Users\Acer\.m2\repository\org\apache\ant\ant\1.10.3\ant-1.10.3.jar;C:\Users\Acer\.m2\repository\org\apache\ant\ant-launcher\1.10.3\ant-launcher-1.10.3.jar;C:\Users\Acer\.m2\repository\junit\junit\4.12\junit-4.12.jar;C:\Users\Acer\.m2\repository\org\hamcrest\hamcrest-core\1.3\hamcrest-core-1.3.jar;C:\Users\Acer\.m2\repository\com\google\inject\guice\4.2.2\guice-4.2.2-no_aop.jar;C:\Users\Acer\.m2\repository\javax\inject\javax.inject\1\javax.inject-1.jar;C:\U-Djdk.module.main=com.competition 
java_command: com.competition/com.competition.Main.Main
java_class_path (initial): C:\Program Files\JetBrains\IntelliJ IDEA Community Edition 2020.2.3\lib\idea_rt.jar
Launcher Type: SUN_STANDARD

[Global flags]
     intx CICompilerCount                          = 4                                         {product} {ergonomic}
     uint ConcGCThreads                            = 2                                         {product} {ergonomic}
     uint G1ConcRefinementThreads                  = 8                                         {product} {ergonomic}
   size_t G1HeapRegionSize                         = 2097152                                   {product} {ergonomic}
    uintx GCDrainStackTargetSize                   = 64                                        {product} {ergonomic}
   size_t InitialHeapSize                          = 266338304                                 {product} {ergonomic}
   size_t MarkStackSize                            = 4194304                                   {product} {ergonomic}
   size_t MaxHeapSize                              = 4255121408                                {product} {ergonomic}
   size_t MaxNewSize                               = 2552233984                                {product} {ergonomic}
   size_t MinHeapDeltaBytes                        = 2097152                                   {product} {ergonomic}
   size_t MinHeapSize                              = 8388608                                   {product} {ergonomic}
    uintx NonNMethodCodeHeapSize                   = 5839372                                {pd product} {ergonomic}
    uintx NonProfiledCodeHeapSize                  = 122909434                              {pd product} {ergonomic}
    uintx ProfiledCodeHeapSize                     = 122909434                              {pd product} {ergonomic}
    uintx ReservedCodeCacheSize                    = 251658240                              {pd product} {ergonomic}
     bool SegmentedCodeCache                       = true                                      {product} {ergonomic}
   size_t SoftMaxHeapSize                          = 4255121408                             {manageable} {ergonomic}
     bool UseCompressedClassPointers               = true                                 {lp64_product} {ergonomic}
     bool UseCompressedOops                        = true                                 {lp64_product} {ergonomic}
     bool UseG1GC                                  = true                                      {product} {ergonomic}
     bool UseLargePagesIndividualAllocation        = false                                  {pd product} {ergonomic}

Logging:
Log output configuration:
 #0: stdout all=off uptime,level,tags
 #1: stderr all=off uptime,level,tags

Environment Variables:
PATH=C:\ProgramData\Anaconda3_2;C:\ProgramData\Anaconda3_2\Library\mingw-w64\bin;C:\ProgramData\Anaconda3_2\Library\usr\bin;C:\ProgramData\Anaconda3_2\Library\bin;C:\ProgramData\Anaconda3_2\Scripts;C:\Program Files (x86)\Python38-32\Scripts\;C:\Program Files (x86)\Python38-32\;C:\Program Files (x86)\Common Files\Oracle\Java\javapath;C:\Windows\system32;C:\Windows;C:\Windows\System32\Wbem;C:\Windows\System32\WindowsPowerShell\v1.0\;C:\Windows\System32\OpenSSH\;C:\Program Files (x86)\NVIDIA Corporation\PhysX\Common;C:\Program Files\NVIDIA Corporation\NVIDIA NvDLISR;C:\WINDOWS\system32;C:\WINDOWS;C:\WINDOWS\System32\Wbem;C:\WINDOWS\System32\WindowsPowerShell\v1.0\;C:\WINDOWS\System32\OpenSSH\;C:\Program Files\Microsoft SQL Server\130\Tools\Binn\;C:\Program Files\Microsoft SQL Server\Client SDK\ODBC\170\Tools\Binn\;C:\Program Files (x86)\Microsoft SQL Server\150\DTS\Binn\;C:\Android;C:\Program Files\dotnet\;C:\Program Files\Git\cmd;D:\Users\Acer\anaconda3;D:\Users\Acer\anaconda3\Library\mingw-w64\bin;D:\Users\Acer\anaconda3\Library\usr\bin;D:\Users\Acer\anaconda3\Library\bin;D:\Users\Acer\anaconda3\Scripts;C:\Users\Acer\AppData\Local\Microsoft\WindowsApps;C:\Users\Acer\AppData\Local\Programs\Microsoft VS Code\bin;C:\Users\Acer\.dotnet\tools;C:\Users\Acer\.dotnet\tools;C:\Program Files\JetBrains\IntelliJ IDEA Community Edition 2020.2.3\bin;;C:\Users\Acer\AppData\Local\Microsoft\WindowsApps;C:\Users\Acer\AppData\Local\GitHubDesktop\bin
USERNAME=Acer
OS=Windows_NT
PROCESSOR_IDENTIFIER=Intel64 Family 6 Model 158 Stepping 10, GenuineIntel



---------------  S Y S T E M  ---------------

OS:
 Windows 10 , 64 bit Build 19041 (10.0.19041.804)
OS uptime: 9 days 23:03 hours

CPU: total 8 (initial active 8) (4 cores per cpu, 2 threads per core) family 6 model 158 stepping 10 microcode 0xb4, cmov, cx8, fxsr, mmx, sse, sse2, sse3, ssse3, sse4.1, sse4.2, popcnt, vzeroupper, avx, avx2, aes, clmul, erms, 3dnowpref, lzcnt, ht, tsc, tscinvbit, bmi1, bmi2, adx, fma, clflush, clflushopt

Memory: 4k page, system-wide physical 16226M (6896M free)
TotalPageFile size 19298M (AvailPageFile size 2468M)
current process WorkingSet (physical memory assigned to process): 189M, peak: 292M
current process commit charge ("private bytes"): 354M, peak: 490M

vm_info: OpenJDK 64-Bit Server VM (15.0.1+9-18) for windows-amd64 JRE (15.0.1+9-18), built on Sep 15 2020 14:39:31 by "mach5one" with unknown MS VC++:1925

END.
