#
# A fatal error has been detected by the Java Runtime Environment:
#
#  EXCEPTION_ACCESS_VIOLATION (0xc0000005) at pc=0x00007ffd3a0666f0, pid=11196, tid=7768
#
# JRE version: OpenJDK Runtime Environment (15.0.1+9) (build 15.0.1+9-18)
# Java VM: OpenJDK 64-Bit Server VM (15.0.1+9-18, mixed mode, sharing, tiered, compressed oops, g1 gc, windows-amd64)
# Problematic frame:
# C  [glass.dll+0x266f0]
#
# No core dump will be written. Minidumps are not enabled by default on client versions of Windows
#
# If you would like to submit a bug report, please visit:
#   https://bugreport.java.com/bugreport/crash.jsp
#

---------------  S U M M A R Y ------------

Command Line: -agentlib:jdwp=transport=dt_socket,address=127.0.0.1:55615,suspend=y,server=n --add-modules=javafx.base,javafx.graphics --add-reads=javafx.base=ALL-UNNAMED --add-reads=javafx.graphics=ALL-UNNAMED -javaagent:C:\Users\Acer\AppData\Local\JetBrains\IdeaIC2020.2\captureAgent\debugger-agent.jar -Dfile.encoding=UTF-8 --module-path=C:\Users\Acer\.m2\repository\org\openjfx\javafx-base\15\javafx-base-15-win.jar;C:\Users\Acer\.m2\repository\org\openjfx\javafx-graphics\15\javafx-graphics-15-win.jar;D:\GitHub\java-competition-manager\competition\target\classes;C:\Users\Acer\.m2\repository\org\openjfx\javafx-fxml\11.0.1\javafx-fxml-11.0.1.jar;C:\Users\Acer\.m2\repository\org\openjfx\javafx-fxml\11.0.1\javafx-fxml-11.0.1-win.jar;C:\Users\Acer\.m2\repository\com\fasterxml\jackson\core\jackson-core\2.9.9\jackson-core-2.9.9.jar;C:\Users\Acer\.m2\repository\com\fasterxml\jackson\core\jackson-databind\2.9.9.3\jackson-databind-2.9.9.3.jar;C:\Users\Acer\.m2\repository\com\fasterxml\jackson\core\jackson-annotations\2.12.0\jackson-annotations-2.12.0.jar;C:\Users\Acer\.m2\repository\org\openjfx\javafx-controls\15\javafx-controls-15.jar;C:\Users\Acer\.m2\repository\org\openjfx\javafx-controls\15\javafx-controls-15-win.jar;C:\Users\Acer\.m2\repository\org\junit\jupiter\junit-jupiter\5.7.0\junit-jupiter-5.7.0.jar;C:\Users\Acer\.m2\repository\org\junit\jupiter\junit-jupiter-api\5.7.0\junit-jupiter-api-5.7.0.jar;C:\Users\Acer\.m2\repository\org\opentest4j\opentest4j\1.2.0\opentest4j-1.2.0.jar;C:\Users\Acer\.m2\repository\org\junit\platform\junit-platform-commons\1.7.0\junit-platform-commons-1.7.0.jar;C:\Users\Acer\.m2\repository\org\junit\jupiter\junit-jupiter-params\5.7.0\junit-jupiter-params-5.7.0.jar;C:\Users\Acer\.m2\repository\org\testng\testng\7.3.0\testng-7.3.0.jar;C:\Users\Acer\.m2\repository\com\beust\jcommander\1.78\jcommander-1.78.jar;C:\Users\Acer\.m2\repository\org\apache\ant\ant\1.10.3\ant-1.10.3.jar;C:\Users\Acer\.m2\repository\org\apache\ant\ant-launcher\1.10.3\ant-launcher-1.10.3.jar;C:\Users\Acer\.m2\repository\junit\junit\4.12\junit-4.12.jar;C:\Users\Acer\.m2\repository\org\hamcrest\hamcrest-core\1.3\hamcrest-core-1.3.jar;C:\Users\Acer\.m2\repository\com\google\inject\guice\4.2.2\guice-4.2.2-no_aop.jar;C:\Users\Acer\.m2\repository\javax\inject\javax.inject\1\javax.inject-1.jar;C:\U-Djdk.module.main=com.competition com.competition/com.competition.Main.Main

Host: Intel(R) Core(TM) i5-8300H CPU @ 2.30GHz, 8 cores, 15G,  Windows 10 , 64 bit Build 19041 (10.0.19041.804)
Time: Sun Feb 21 23:40:41 2021 Œrodkowoeuropejski czas stand. elapsed time: 186.087582 seconds (0d 0h 3m 6s)

---------------  T H R E A D  ---------------

Current thread (0x000001d7cd9eff50):  VMThread "VM Thread" [stack: 0x0000004337500000,0x0000004337600000] [id=7768]

Stack: [0x0000004337500000,0x0000004337600000],  sp=0x00000043375ff050,  free space=1020k
Native frames: (J=compiled Java code, j=interpreted, Vv=VM code, C=native code)
C  [glass.dll+0x266f0]


siginfo: EXCEPTION_ACCESS_VIOLATION (0xc0000005), reading address 0x0000000000000000


Register to memory mapping:

RIP=0x00007ffd3a0666f0 glass.dll
RAX=0x0 is NULL
RBX=0x000001d7cda08080 is a global jni handle
RCX=0x000001d7cd9eff50 points into unknown readable memory: 0x00007ffce9104238 | 38 42 10 e9 fc 7f 00 00
RDX=0x00000043375ff050 points into unknown readable memory: 0x0000000000000000 | 00 00 00 00 00 00 00 00
RSP=0x00000043375ff050 points into unknown readable memory: 0x0000000000000000 | 00 00 00 00 00 00 00 00
RBP=0x000001d7cecb6708 points into unknown readable memory: 0x00000d7f8c77c9cc | cc c9 77 8c 7f 0d 00 00
RSI=0x000001d7cecb66e0 points into unknown readable memory: 0x07ffdedfef1109cc | cc 09 11 ef df de ff 07
RDI=0x00000d7f8c77c9cc is an unknown value
R8 =0x0000000000010002 is an unknown value
R9 =0x00000d7f8c77c9cc is an unknown value
R10=0x0000000000008000 is an unknown value
R11=0x00000043375feff0 points into unknown readable memory: 0x000001d7cecb66e0 | e0 66 cb ce d7 01 00 00
R12=0x00007ffd3a063b84 glass.dll
R13=0x000001d7a015e7c0 points into unknown readable memory: 0x8000000900000001 | 01 00 00 00 09 00 00 80
R14=0x00000043375ff158 points into unknown readable memory: 0x00000043375ff140 | 40 f1 5f 37 43 00 00 00
R15=0x000001d7cecb66e0 points into unknown readable memory: 0x07ffdedfef1109cc | cc 09 11 ef df de ff 07


Registers:
RAX=0x0000000000000000, RBX=0x000001d7cda08080, RCX=0x000001d7cd9eff50, RDX=0x00000043375ff050
RSP=0x00000043375ff050, RBP=0x000001d7cecb6708, RSI=0x000001d7cecb66e0, RDI=0x00000d7f8c77c9cc
R8 =0x0000000000010002, R9 =0x00000d7f8c77c9cc, R10=0x0000000000008000, R11=0x00000043375feff0
R12=0x00007ffd3a063b84, R13=0x000001d7a015e7c0, R14=0x00000043375ff158, R15=0x000001d7cecb66e0
RIP=0x00007ffd3a0666f0, EFLAGS=0x0000000000010206

Top of Stack: (sp=0x00000043375ff050)
0x00000043375ff050:   0000000000000000 00007ffd5503f05b
0x00000043375ff060:   000001d7cecb66f0 000001d7cecb66e0
0x00000043375ff070:   fffffffffffffffe 00007ffd3a063b84
0x00000043375ff080:   000001d7cecb66e8 00007ffd550442d6
0x00000043375ff090:   000001d7cecb66f0 000001d700000000
0x00000043375ff0a0:   000001d7cecb6708 000001d7cecb66e0
0x00000043375ff0b0:   fffffffffffffffe 0000000000000000
0x00000043375ff0c0:   0000000000000001 00007ffd3a040000
0x00000043375ff0d0:   00000043375ff148 00007ffd550441fb
0x00000043375ff0e0:   0000000000000000 00000043375ff158
0x00000043375ff0f0:   00000043375ff410 00007ffd55120e40
0x00000043375ff100:   0000000000000000 00007ffd550441b4
0x00000043375ff110:   0000000000000000 0000000000000001
0x00000043375ff120:   0000000000000000 00000043375ff148
0x00000043375ff130:   0000000000000000 00007ffd3a063a12
0x00000043375ff140:   00007ffd3a07d118 0000004300000002 

Instructions: (pc=0x00007ffd3a0666f0)
0x00007ffd3a0665f0:   8b 4d 60 e8 98 c9 ff ff 48 8b 55 68 48 8b 8d 08
0x00007ffd3a066600:   01 00 00 e8 49 be ff ff 33 d2 33 c9 e8 49 de ff
0x00007ffd3a066610:   ff 90 cc cc cc cc cc cc cc cc cc cc cc cc cc cc
0x00007ffd3a066620:   48 8d 8a 80 00 00 00 e9 14 e9 fe ff 48 89 54 24
0x00007ffd3a066630:   10 55 48 83 ec 20 48 8b ea 48 8d 05 dd ca ff ff
0x00007ffd3a066640:   48 83 c4 20 5d c3 cc 40 55 48 8b ea 48 8b 01 33
0x00007ffd3a066650:   c9 81 38 05 00 00 c0 0f 94 c1 8b c1 5d c3 cc 40
0x00007ffd3a066660:   55 48 83 ec 20 48 8b ea 8a 4d 40 48 83 c4 20 5d
0x00007ffd3a066670:   e9 df cd ff ff cc 40 55 48 83 ec 20 48 8b ea e8
0x00007ffd3a066680:   fc cb ff ff 8a 4d 38 48 83 c4 20 5d e9 c3 cd ff
0x00007ffd3a066690:   ff cc 40 55 48 83 ec 30 48 8b ea 48 8b 01 8b 10
0x00007ffd3a0666a0:   48 89 4c 24 28 89 54 24 20 4c 8d 0d a4 d1 ff ff
0x00007ffd3a0666b0:   4c 8b 45 70 8b 55 68 48 8b 4d 60 e8 30 cb ff ff
0x00007ffd3a0666c0:   90 48 83 c4 30 5d c3 cc cc cc cc cc cc cc cc cc
0x00007ffd3a0666d0:   40 53 48 83 ec 30 48 c7 44 24 20 fe ff ff ff 48
0x00007ffd3a0666e0:   8b 1d 2a 64 01 00 48 85 db 74 16 e8 90 85 ff ff
0x00007ffd3a0666f0:   4c 8b 00 48 8b d3 48 8b c8 41 ff 90 b0 00 00 00
0x00007ffd3a066700:   90 48 83 c4 30 5b c3 cc cc cc cc cc cc cc cc cc
0x00007ffd3a066710:   40 53 48 83 ec 20 48 8b 1d 9b 65 01 00 48 85 db
0x00007ffd3a066720:   74 57 b8 ff ff ff ff f0 0f c1 43 10 83 f8 01 75
0x00007ffd3a066730:   3d 48 85 db 74 38 48 8b 0b 48 85 c9 74 0d ff 15
0x00007ffd3a066740:   64 0b 00 00 48 c7 03 00 00 00 00 48 8b 4b 08 48
0x00007ffd3a066750:   85 c9 74 0d e8 37 c8 ff ff 48 c7 43 08 00 00 00
0x00007ffd3a066760:   00 ba 18 00 00 00 48 8b cb e8 22 c8 ff ff 48 c7
0x00007ffd3a066770:   05 3f 65 01 00 00 00 00 00 48 83 c4 20 5b c3 cc
0x00007ffd3a066780:   40 53 48 83 ec 20 48 8b 1d 0b 65 01 00 48 85 db
0x00007ffd3a066790:   74 57 b8 ff ff ff ff f0 0f c1 43 10 83 f8 01 75
0x00007ffd3a0667a0:   3d 48 85 db 74 38 48 8b 0b 48 85 c9 74 0d ff 15
0x00007ffd3a0667b0:   f4 0a 00 00 48 c7 03 00 00 00 00 48 8b 4b 08 48
0x00007ffd3a0667c0:   85 c9 74 0d e8 c7 c7 ff ff 48 c7 43 08 00 00 00
0x00007ffd3a0667d0:   00 ba 18 00 00 00 48 8b cb e8 b2 c7 ff ff 48 c7
0x00007ffd3a0667e0:   05 af 64 01 00 00 00 00 00 48 83 c4 20 5b c3 cc 


Stack slot to memory mapping:
stack at sp + 0 slots: 0x0 is NULL
stack at sp + 1 slots: 0x00007ffd5503f05b ucrtbase.dll
stack at sp + 2 slots: 0x000001d7cecb66f0 points into unknown readable memory: 0x00000d7f8c77c9cc | cc c9 77 8c 7f 0d 00 00
stack at sp + 3 slots: 0x000001d7cecb66e0 points into unknown readable memory: 0x07ffdedfef1109cc | cc 09 11 ef df de ff 07
stack at sp + 4 slots: 0xfffffffffffffffe is an unknown value
stack at sp + 5 slots: 0x00007ffd3a063b84 glass.dll
stack at sp + 6 slots: 0x000001d7cecb66e8 points into unknown readable memory: 0x00000d7f8c77c9cc | cc c9 77 8c 7f 0d 00 00
stack at sp + 7 slots: 0x00007ffd550442d6 ucrtbase.dll

VM_Operation (0x0000004336cff400): Exit, mode: safepoint, requested by thread 0x000001d7d7e9a6e0


---------------  P R O C E S S  ---------------

Threads class SMR info:
_java_thread_list=0x000001d7cfaf4810, length=20, elements={
0x000001d7a2282e90, 0x000001d7cd9f16e0, 0x000001d7cd9f27d0, 0x000001d7cda0f2b0,
0x000001d7cda0fb70, 0x000001d7cda11540, 0x000001d7cda14300, 0x000001d7cda225d0,
0x000001d7cda356d0, 0x000001d7cd9da7f0, 0x000001d7cee3f390, 0x000001d7ceabbc60,
0x000001d7cec956d0, 0x000001d7cf132920, 0x000001d7cf13a3e0, 0x000001d7cf5f88d0,
0x000001d7cf39d7b0, 0x000001d7cf39f960, 0x000001d7cf3a0ca0, 0x000001d7d7e9a6e0
}

Java Threads: ( => current thread )
  0x000001d7a2282e90 JavaThread "main" [_thread_blocked, id=26952, stack(0x0000004336f00000,0x0000004337000000)]
  0x000001d7cd9f16e0 JavaThread "Reference Handler" daemon [_thread_blocked, id=18536, stack(0x0000004337600000,0x0000004337700000)]
  0x000001d7cd9f27d0 JavaThread "Finalizer" daemon [_thread_blocked, id=16048, stack(0x0000004337700000,0x0000004337800000)]
  0x000001d7cda0f2b0 JavaThread "Signal Dispatcher" daemon [_thread_blocked, id=27376, stack(0x0000004337800000,0x0000004337900000)]
  0x000001d7cda0fb70 JavaThread "Attach Listener" daemon [_thread_blocked, id=16144, stack(0x0000004337900000,0x0000004337a00000)]
  0x000001d7cda11540 JavaThread "Service Thread" daemon [_thread_blocked, id=18632, stack(0x0000004337a00000,0x0000004337b00000)]
  0x000001d7cda14300 JavaThread "C2 CompilerThread0" daemon [_thread_blocked, id=2740, stack(0x0000004337b00000,0x0000004337c00000)]
  0x000001d7cda225d0 JavaThread "C1 CompilerThread0" daemon [_thread_blocked, id=20404, stack(0x0000004337c00000,0x0000004337d00000)]
  0x000001d7cda356d0 JavaThread "Sweeper thread" daemon [_thread_blocked, id=20060, stack(0x0000004337d00000,0x0000004337e00000)]
  0x000001d7cd9da7f0 JavaThread "Common-Cleaner" daemon [_thread_blocked, id=10220, stack(0x0000004337e00000,0x0000004337f00000)]
  0x000001d7cee3f390 JavaThread "JDWP Event Helper Thread" daemon [_thread_blocked, id=24500, stack(0x0000004338200000,0x0000004338300000)]
  0x000001d7ceabbc60 JavaThread "Notification Thread" daemon [_thread_blocked, id=21840, stack(0x0000004338400000,0x0000004338500000)]
  0x000001d7cec956d0 JavaThread "QuantumRenderer-0" daemon [_thread_blocked, id=11292, stack(0x0000004338b00000,0x0000004338c00000)]
  0x000001d7cf132920 JavaThread "InvokeLaterDispatcher" daemon [_thread_blocked, id=13456, stack(0x0000004338000000,0x0000004338100000)]
  0x000001d7cf13a3e0 JavaThread "JavaFX Application Thread" [_thread_in_native, id=26912, stack(0x0000004338d00000,0x0000004338e00000)]
  0x000001d7cf5f88d0 JavaThread "JavaFX-Launcher" [_thread_blocked, id=23336, stack(0x0000004339100000,0x0000004339200000)]
  0x000001d7cf39d7b0 JavaThread "Thread-2" daemon [_thread_in_native, id=22968, stack(0x0000004338f00000,0x0000004339000000)]
  0x000001d7cf39f960 JavaThread "Prism Font Disposer" daemon [_thread_blocked, id=25280, stack(0x0000004339400000,0x0000004339500000)]
  0x000001d7cf3a0ca0 JavaThread "Cleaner-0" daemon [_thread_blocked, id=11532, stack(0x0000004339800000,0x0000004339900000)]
  0x000001d7d7e9a6e0 JavaThread "SIGINT handler" daemon [_thread_blocked, id=7972, stack(0x0000004336c00000,0x0000004336d00000)]

Other Threads:
=>0x000001d7cd9eff50 VMThread "VM Thread" [stack: 0x0000004337500000,0x0000004337600000] [id=7768]
  0x000001d7a22d1870 GCTaskThread "GC Thread#0" [stack: 0x0000004337000000,0x0000004337100000] [id=27600]
  0x000001d7ced1d9e0 GCTaskThread "GC Thread#1" [stack: 0x0000004338600000,0x0000004338700000] [id=20476]
  0x000001d7cebbfef0 GCTaskThread "GC Thread#2" [stack: 0x0000004338700000,0x0000004338800000] [id=24860]
  0x000001d7cebc0550 GCTaskThread "GC Thread#3" [stack: 0x0000004338800000,0x0000004338900000] [id=24408]
  0x000001d7cebbfbc0 GCTaskThread "GC Thread#4" [stack: 0x0000004338900000,0x0000004338a00000] [id=23448]
  0x000001d7cebbd8b0 GCTaskThread "GC Thread#5" [stack: 0x0000004338a00000,0x0000004338b00000] [id=27836]
  0x000001d7a015c1a0 ConcurrentGCThread "G1 Main Marker" [stack: 0x0000004337100000,0x0000004337200000] [id=25520]
  0x000001d7a015d1e0 ConcurrentGCThread "G1 Conc#0" [stack: 0x0000004337200000,0x0000004337300000] [id=10408]
  0x000001d7cebbebd0 ConcurrentGCThread "G1 Conc#1" [stack: 0x0000004339700000,0x0000004339800000] [id=572]
  0x000001d7cd8e8110 ConcurrentGCThread "G1 Refine#0" [stack: 0x0000004337300000,0x0000004337400000] [id=21812]
  0x000001d7cd8e8960 ConcurrentGCThread "G1 Young RemSet Sampling" [stack: 0x0000004337400000,0x0000004337500000] [id=4272]

Threads with active compile tasks:

VM state: at safepoint (shutting down)

VM Mutex/Monitor currently owned by a thread:  ([mutex/lock_event])
[0x000001d7a227fa40] Threads_lock - owner thread: 0x000001d7cd9eff50
[0x000001d7a227f530] Heap_lock - owner thread: 0x000001d7d7e9a6e0

Heap address: 0x0000000702600000, size: 4058 MB, Compressed Oops mode: Zero based, Oop shift amount: 3
CDS archive(s) mapped at: [0x0000000800000000-0x0000000800b50000-0x0000000800b50000), size 11862016, SharedBaseAddress: 0x0000000800000000, ArchiveRelocationMode: 0.
Compressed class space mapped at: 0x0000000800b50000-0x0000000840b50000, size: 1073741824
Narrow klass base: 0x0000000800000000, Narrow klass shift: 3, Narrow klass range: 0x100000000

GC Precious Log:
 CPUs: 8 total, 8 available
 Memory: 16226M
 Large Page Support: Disabled
 NUMA Support: Disabled
 Compressed Oops: Enabled (Zero based)
 Heap Region Size: 2M
 Heap Min Capacity: 8M
 Heap Initial Capacity: 254M
 Heap Max Capacity: 4058M
 Pre-touch: Disabled
 Parallel Workers: 8
 Concurrent Workers: 2
 Concurrent Refinement Workers: 8
 Periodic GC: Disabled

Heap:
 garbage-first heap   total 77824K, used 29572K [0x0000000702600000, 0x0000000800000000)
  region size 2048K, 4 young (8192K), 3 survivors (6144K)
 Metaspace       used 22967K, capacity 23349K, committed 23472K, reserved 1069056K
  class space    used 2942K, capacity 3039K, committed 3072K, reserved 1048576K

Heap Regions: E=young(eden), S=young(survivor), O=old, HS=humongous(starts), HC=humongous(continues), CS=collection set, F=free, OA=open archive, CA=closed archive, TAMS=top-at-mark-start (previous, next)
|   0|0x0000000702600000, 0x0000000702800000, 0x0000000702800000|100%|HS|  |TAMS 0x0000000702800000, 0x0000000702600000| Complete 
|   1|0x0000000702800000, 0x0000000702a00000, 0x0000000702a00000|100%|HC|  |TAMS 0x0000000702a00000, 0x0000000702800000| Complete 
|   2|0x0000000702a00000, 0x0000000702ada800, 0x0000000702c00000| 42%| O|  |TAMS 0x0000000702ada800, 0x0000000702a00000| Untracked 
|   3|0x0000000702c00000, 0x0000000702e00000, 0x0000000702e00000|100%|HS|  |TAMS 0x0000000702c00000, 0x0000000702c00000| Complete 
|   4|0x0000000702e00000, 0x0000000703000000, 0x0000000703000000|100%|HS|  |TAMS 0x0000000702e00000, 0x0000000702e00000| Complete 
|   5|0x0000000703000000, 0x0000000703200000, 0x0000000703200000|100%|HC|  |TAMS 0x0000000703000000, 0x0000000703000000| Complete 
|   6|0x0000000703200000, 0x0000000703400000, 0x0000000703400000|100%| O|  |TAMS 0x0000000703200000, 0x0000000703200000| Untracked 
|   7|0x0000000703400000, 0x0000000703600000, 0x0000000703600000|100%| O|  |TAMS 0x0000000703400000, 0x0000000703400000| Untracked 
|   8|0x0000000703600000, 0x0000000703800000, 0x0000000703800000|100%| O|  |TAMS 0x0000000703600000, 0x0000000703600000| Untracked 
|   9|0x0000000703800000, 0x0000000703a00000, 0x0000000703a00000|100%| O|  |TAMS 0x0000000703800000, 0x0000000703800000| Untracked 
|  10|0x0000000703a00000, 0x0000000703c00000, 0x0000000703c00000|100%| O|  |TAMS 0x0000000703a00000, 0x0000000703a00000| Untracked 
|  11|0x0000000703c00000, 0x0000000703e00000, 0x0000000703e00000|100%| O|  |TAMS 0x0000000703c00000, 0x0000000703c00000| Untracked 
|  12|0x0000000703e00000, 0x0000000704000000, 0x0000000704000000|100%| S|CS|TAMS 0x0000000703e00000, 0x0000000703e00000| Complete 
|  13|0x0000000704000000, 0x0000000704200000, 0x0000000704200000|100%| S|CS|TAMS 0x0000000704000000, 0x0000000704000000| Complete 
|  14|0x0000000704200000, 0x0000000704400000, 0x0000000704400000|100%| S|CS|TAMS 0x0000000704200000, 0x0000000704200000| Complete 
|  15|0x0000000704400000, 0x0000000704400000, 0x0000000704600000|  0%| F|  |TAMS 0x0000000704400000, 0x0000000704400000| Untracked 
|  16|0x0000000704600000, 0x0000000704600000, 0x0000000704800000|  0%| F|  |TAMS 0x0000000704600000, 0x0000000704600000| Untracked 
|  17|0x0000000704800000, 0x0000000704800000, 0x0000000704a00000|  0%| F|  |TAMS 0x0000000704800000, 0x0000000704800000| Untracked 
|  18|0x0000000704a00000, 0x0000000704a00000, 0x0000000704c00000|  0%| F|  |TAMS 0x0000000704a00000, 0x0000000704a00000| Untracked 
|  19|0x0000000704c00000, 0x0000000704c00000, 0x0000000704e00000|  0%| F|  |TAMS 0x0000000704c00000, 0x0000000704c00000| Untracked 
|  20|0x0000000704e00000, 0x0000000704e00000, 0x0000000705000000|  0%| F|  |TAMS 0x0000000704e00000, 0x0000000704e00000| Untracked 
|  21|0x0000000705000000, 0x0000000705000000, 0x0000000705200000|  0%| F|  |TAMS 0x0000000705000000, 0x0000000705000000| Untracked 
|  22|0x0000000705200000, 0x0000000705200000, 0x0000000705400000|  0%| F|  |TAMS 0x0000000705200000, 0x0000000705200000| Untracked 
|  23|0x0000000705400000, 0x0000000705400000, 0x0000000705600000|  0%| F|  |TAMS 0x0000000705400000, 0x0000000705400000| Untracked 
|  24|0x0000000705600000, 0x0000000705600000, 0x0000000705800000|  0%| F|  |TAMS 0x0000000705600000, 0x0000000705600000| Untracked 
|  25|0x0000000705800000, 0x0000000705800000, 0x0000000705a00000|  0%| F|  |TAMS 0x0000000705800000, 0x0000000705800000| Untracked 
|  26|0x0000000705a00000, 0x0000000705a00000, 0x0000000705c00000|  0%| F|  |TAMS 0x0000000705a00000, 0x0000000705a00000| Untracked 
|  27|0x0000000705c00000, 0x0000000705c00000, 0x0000000705e00000|  0%| F|  |TAMS 0x0000000705c00000, 0x0000000705c00000| Untracked 
|  28|0x0000000705e00000, 0x0000000705e00000, 0x0000000706000000|  0%| F|  |TAMS 0x0000000705e00000, 0x0000000705e00000| Untracked 
|  93|0x000000070e000000, 0x000000070e000000, 0x000000070e200000|  0%| F|  |TAMS 0x000000070e000000, 0x000000070e000000| Untracked 
|  94|0x000000070e200000, 0x000000070e200000, 0x000000070e400000|  0%| F|  |TAMS 0x000000070e200000, 0x000000070e200000| Untracked 
|  95|0x000000070e400000, 0x000000070e400000, 0x000000070e600000|  0%| F|  |TAMS 0x000000070e400000, 0x000000070e400000| Untracked 
|  96|0x000000070e600000, 0x000000070e600000, 0x000000070e800000|  0%| F|  |TAMS 0x000000070e600000, 0x000000070e600000| Untracked 
|  97|0x000000070e800000, 0x000000070e800000, 0x000000070ea00000|  0%| F|  |TAMS 0x000000070e800000, 0x000000070e800000| Untracked 
|  98|0x000000070ea00000, 0x000000070ea00000, 0x000000070ec00000|  0%| F|  |TAMS 0x000000070ea00000, 0x000000070ea00000| Untracked 
|  99|0x000000070ec00000, 0x000000070ec00000, 0x000000070ee00000|  0%| F|  |TAMS 0x000000070ec00000, 0x000000070ec00000| Untracked 
| 126|0x0000000712200000, 0x00000007122d2228, 0x0000000712400000| 41%| E|  |TAMS 0x0000000712200000, 0x0000000712200000| Complete 
|2028|0x00000007ffe00000, 0x00000007ffe06800, 0x0000000800000000|  1%| O|  |TAMS 0x00000007ffe00000, 0x00000007ffe00000| Untracked 

Card table byte_map: [0x000001d7c2110000,0x000001d7c2900000] _byte_map_base: 0x000001d7be8fd000

Marking Bits (Prev, Next): (CMBitMap*) 0x000001d7a015b8b0, (CMBitMap*) 0x000001d7a015b870
 Prev Bits: [0x000001d7c7060000, 0x000001d7cafc8000)
 Next Bits: [0x000001d7c30f0000, 0x000001d7c7058000)

Polling page: 0x000001d7a01c0000

Metaspace:

Usage:
  Non-class:     19.83 MB capacity,    19.55 MB ( 99%) used,   250.45 KB (  1%) free+waste,    35.25 KB ( <1%) overhead. 
      Class:      2.97 MB capacity,     2.87 MB ( 97%) used,    82.10 KB (  3%) free+waste,    14.19 KB ( <1%) overhead. 
       Both:     22.80 MB capacity,    22.43 MB ( 98%) used,   332.55 KB (  1%) free+waste,    49.44 KB ( <1%) overhead. 

Virtual space:
  Non-class space:       20.00 MB reserved,      19.92 MB (>99%) committed 
      Class space:        1.00 GB reserved,       3.00 MB ( <1%) committed 
             Both:        1.02 GB reserved,      22.92 MB (  2%) committed 

Chunk freelists:
   Non-Class:  26.00 KB
       Class:  1.00 KB
        Both:  27.00 KB

MaxMetaspaceSize: 17179869184.00 GB
CompressedClassSpaceSize: 1.00 GB

CodeHeap 'non-profiled nmethods': size=120000Kb used=2013Kb max_used=2013Kb free=117986Kb
 bounds [0x000001d7ba0c0000, 0x000001d7ba330000, 0x000001d7c15f0000]
CodeHeap 'profiled nmethods': size=120000Kb used=8305Kb max_used=8305Kb free=111694Kb
 bounds [0x000001d7b2b90000, 0x000001d7b33b0000, 0x000001d7ba0c0000]
CodeHeap 'non-nmethods': size=5760Kb used=1566Kb max_used=1643Kb free=4193Kb
 bounds [0x000001d7b25f0000, 0x000001d7b2860000, 0x000001d7b2b90000]
 total_blobs=4946 nmethods=4125 adapters=731
 compilation: enabled
              stopped_count=0, restarted_count=0
 full_count=0

Compilation events (20 events):
Event: 114.399 Thread 0x000001d7cda14300 nmethod 4107 0x000001d7ba2b2910 code [0x000001d7ba2b2aa0, 0x000001d7ba2b2cd8]
Event: 114.399 Thread 0x000001d7cda14300 4108       4       com.sun.javafx.geom.transform.Affine3D::setTransform (101 bytes)
Event: 114.399 Thread 0x000001d7cda225d0 nmethod 4110 0x000001d7b33aab10 code [0x000001d7b33aada0, 0x000001d7b33abd98]
Event: 114.403 Thread 0x000001d7cda14300 nmethod 4108 0x000001d7ba2b2f90 code [0x000001d7ba2b3260, 0x000001d7ba2b3c18]
Event: 114.403 Thread 0x000001d7cda14300 4111       4       com.sun.prism.d3d.D3DContext::updateShaderTransform (262 bytes)
Event: 114.404 Thread 0x000001d7cda14300 nmethod 4111 0x000001d7ba2b4090 code [0x000001d7ba2b4220, 0x000001d7ba2b4388]
Event: 115.110 Thread 0x000001d7cda225d0 4112       3       com.sun.javafx.geom.transform.Affine3D::reset3Delements (31 bytes)
Event: 115.110 Thread 0x000001d7cda225d0 nmethod 4112 0x000001d7b33ac410 code [0x000001d7b33ac5a0, 0x000001d7b33ac6f8]
Event: 115.111 Thread 0x000001d7cda14300 4113       4       java.lang.StrictMath::floor (12 bytes)
Event: 115.111 Thread 0x000001d7cda14300 nmethod 4113 0x000001d7ba2b4510 code [0x000001d7ba2b46c0, 0x000001d7ba2b47b8]
Event: 115.112 Thread 0x000001d7cda14300 4114       4       javafx.geometry.Insets::equals (75 bytes)
Event: 115.112 Thread 0x000001d7cda225d0 4115       1       com.sun.javafx.sg.prism.NGShape::isSmooth (5 bytes)
Event: 115.112 Thread 0x000001d7cda225d0 nmethod 4115 0x000001d7ba2b4810 code [0x000001d7ba2b49a0, 0x000001d7ba2b4a58]
Event: 115.113 Thread 0x000001d7cda14300 nmethod 4114 0x000001d7ba2b4b10 code [0x000001d7ba2b4ca0, 0x000001d7ba2b4d98]
Event: 115.113 Thread 0x000001d7cda14300 4116       4       com.sun.prism.d3d.D3DContext::updateClipRect (70 bytes)
Event: 115.114 Thread 0x000001d7cda14300 nmethod 4116 0x000001d7ba2b4e90 code [0x000001d7ba2b5020, 0x000001d7ba2b5128]
Event: 115.114 Thread 0x000001d7cda14300 4117       4       com.sun.javafx.sg.prism.NGGroup::renderForcedContent (43 bytes)
Event: 115.116 Thread 0x000001d7cda14300 nmethod 4117 0x000001d7ba2b5290 code [0x000001d7ba2b5440, 0x000001d7ba2b57b8]
Event: 115.133 Thread 0x000001d7cda225d0 4118       1       com.sun.javafx.tk.quantum.SceneState::getScene (5 bytes)
Event: 115.133 Thread 0x000001d7cda225d0 nmethod 4118 0x000001d7ba2b5a90 code [0x000001d7ba2b5c20, 0x000001d7ba2b5cd8]

GC Heap History (8 events):
Event: 0.591 GC heap before
{Heap before GC invocations=0 (full 0):
 garbage-first heap   total 260096K, used 22528K [0x0000000702600000, 0x0000000800000000)
  region size 2048K, 11 young (22528K), 0 survivors (0K)
 Metaspace       used 2804K, capacity 5350K, committed 5504K, reserved 1056768K
  class space    used 303K, capacity 525K, committed 640K, reserved 1048576K
}
Event: 0.593 GC heap after
{Heap after GC invocations=1 (full 0):
 garbage-first heap   total 260096K, used 2069K [0x0000000702600000, 0x0000000800000000)
  region size 2048K, 2 young (4096K), 2 survivors (4096K)
 Metaspace       used 2804K, capacity 5350K, committed 5504K, reserved 1056768K
  class space    used 303K, capacity 525K, committed 640K, reserved 1048576K
}
Event: 10.181 GC heap before
{Heap before GC invocations=1 (full 0):
 garbage-first heap   total 260096K, used 43029K [0x0000000702600000, 0x0000000800000000)
  region size 2048K, 21 young (43008K), 2 survivors (4096K)
 Metaspace       used 11812K, capacity 12106K, committed 12416K, reserved 1060864K
  class space    used 1524K, capacity 1601K, committed 1664K, reserved 1048576K
}
Event: 10.186 GC heap after
{Heap after GC invocations=2 (full 0):
 garbage-first heap   total 260096K, used 11114K [0x0000000702600000, 0x0000000800000000)
  region size 2048K, 3 young (6144K), 3 survivors (6144K)
 Metaspace       used 11812K, capacity 12106K, committed 12416K, reserved 1060864K
  class space    used 1524K, capacity 1601K, committed 1664K, reserved 1048576K
}
Event: 11.613 GC heap before
{Heap before GC invocations=2 (full 0):
 garbage-first heap   total 260096K, used 56170K [0x0000000702600000, 0x0000000800000000)
  region size 2048K, 27 young (55296K), 3 survivors (6144K)
 Metaspace       used 20791K, capacity 21088K, committed 21296K, reserved 1067008K
  class space    used 2720K, capacity 2824K, committed 2944K, reserved 1048576K
}
Event: 11.621 GC heap after
{Heap after GC invocations=3 (full 0):
 garbage-first heap   total 260096K, used 17742K [0x0000000702600000, 0x0000000800000000)
  region size 2048K, 7 young (14336K), 7 survivors (14336K)
 Metaspace       used 20791K, capacity 21088K, committed 21296K, reserved 1067008K
  class space    used 2720K, capacity 2824K, committed 2944K, reserved 1048576K
}
Event: 185.547 GC heap before
{Heap before GC invocations=4 (full 0):
 garbage-first heap   total 75776K, used 54606K [0x0000000702600000, 0x0000000800000000)
  region size 2048K, 22 young (45056K), 7 survivors (14336K)
 Metaspace       used 22955K, capacity 23349K, committed 23472K, reserved 1069056K
  class space    used 2940K, capacity 3039K, committed 3072K, reserved 1048576K
}
Event: 185.560 GC heap after
{Heap after GC invocations=5 (full 0):
 garbage-first heap   total 77824K, used 29572K [0x0000000702600000, 0x0000000800000000)
  region size 2048K, 3 young (6144K), 3 survivors (6144K)
 Metaspace       used 22955K, capacity 23349K, committed 23472K, reserved 1069056K
  class space    used 2940K, capacity 3039K, committed 3072K, reserved 1048576K
}

Deoptimization events (20 events):
Event: 16.971 Thread 0x000001d7cec956d0 DEOPT PACKING pc=0x000001d7ba283248 sp=0x0000004338bfd140
Event: 16.971 Thread 0x000001d7cec956d0 DEOPT UNPACKING pc=0x000001d7b263e42f sp=0x0000004338bfcf88 mode 2
Event: 19.724 Thread 0x000001d7cf13a3e0 Uncommon trap: trap_request=0xfffffff4 fr.pc=0x000001d7ba225fd8 relative=0x00000000000000b8
Event: 19.724 Thread 0x000001d7cf13a3e0 Uncommon trap: reason=null_check action=make_not_entrant pc=0x000001d7ba225fd8 method=javafx.scene.Scene.getWindow()Ljavafx/stage/Window; @ 18 c2
Event: 19.724 Thread 0x000001d7cf13a3e0 DEOPT PACKING pc=0x000001d7ba225fd8 sp=0x0000004338dfb3c0
Event: 19.724 Thread 0x000001d7cf13a3e0 DEOPT UNPACKING pc=0x000001d7b263e42f sp=0x0000004338dfb360 mode 2
Event: 19.730 Thread 0x000001d7cf13a3e0 Uncommon trap: trap_request=0xffffff45 fr.pc=0x000001d7ba25ef04 relative=0x0000000000007064
Event: 19.730 Thread 0x000001d7cf13a3e0 Uncommon trap: reason=unstable_if action=reinterpret pc=0x000001d7ba25ef04 method=javafx.scene.CssStyleHelper.transitionToState(Ljavafx/scene/Node;)V @ 131 c2
Event: 19.730 Thread 0x000001d7cf13a3e0 DEOPT PACKING pc=0x000001d7ba25ef04 sp=0x0000004338dfb490
Event: 19.730 Thread 0x000001d7cf13a3e0 DEOPT UNPACKING pc=0x000001d7b263e42f sp=0x0000004338dfb478 mode 2
Event: 19.730 Thread 0x000001d7cf13a3e0 Uncommon trap: trap_request=0xffffff45 fr.pc=0x000001d7ba1e63d4 relative=0x0000000000000df4
Event: 19.730 Thread 0x000001d7cf13a3e0 Uncommon trap: reason=unstable_if action=reinterpret pc=0x000001d7ba1e63d4 method=javafx.scene.CssStyleHelper.lookup(Ljavafx/css/Styleable;Ljavafx/css/CssMetaData;Lcom/sun/javafx/css/StyleMap;Ljava/util/Set;Ljavafx/css/Styleable;Lcom/sun/javafx/css/Calcul
Event: 19.730 Thread 0x000001d7cf13a3e0 DEOPT PACKING pc=0x000001d7ba1e63d4 sp=0x0000004338dfb350
Event: 19.730 Thread 0x000001d7cf13a3e0 DEOPT UNPACKING pc=0x000001d7b263e42f sp=0x0000004338dfb378 mode 2
Event: 111.545 Thread 0x000001d7cec956d0 Uncommon trap: trap_request=0xffffff45 fr.pc=0x000001d7ba2a9d54 relative=0x0000000000000194
Event: 111.545 Thread 0x000001d7cec956d0 Uncommon trap: reason=unstable_if action=reinterpret pc=0x000001d7ba2a9d54 method=com.sun.javafx.geom.transform.Affine3D.concatenate(Lcom/sun/javafx/geom/transform/BaseTransform;)V @ 11 c2
Event: 111.545 Thread 0x000001d7cec956d0 DEOPT PACKING pc=0x000001d7ba2a9d54 sp=0x0000004338bfd960
Event: 111.545 Thread 0x000001d7cec956d0 DEOPT UNPACKING pc=0x000001d7b263e42f sp=0x0000004338bfd7a0 mode 2
Event: 185.562 Thread 0x000001d7d7e98530 DEOPT PACKING pc=0x000001d7b2d247d4 sp=0x0000004336eff340
Event: 185.562 Thread 0x000001d7d7e98530 DEOPT UNPACKING pc=0x000001d7b263e23f sp=0x0000004336efe7a0 mode 1

Classes unloaded (0 events):
No events

Classes redefined (0 events):
No events

Internal exceptions (20 events):
Event: 11.065 Thread 0x000001d7cf13a3e0 Exception <a 'java/lang/NoSuchMethodError'{0x0000000710dc3f08}: 'java.lang.Object java.lang.invoke.DirectMethodHandle$Holder.invokeInterface(java.lang.Object, java.lang.Object, java.lang.Object)'> (0x0000000710dc3f08) 
thrown [./open/src/hotspot/share/interpreter/linkResolver.cpp, line 782]
Event: 11.065 Thread 0x000001d7cf13a3e0 Exception <a 'java/lang/IncompatibleClassChangeError'{0x0000000710dc7a88}: Found class java.lang.Object, but interface was expected> (0x0000000710dc7a88) 
thrown [./open/src/hotspot/share/interpreter/linkResolver.cpp, line 848]
Event: 11.135 Thread 0x000001d7cf13a3e0 Exception <a 'java/lang/ClassNotFoundException'{0x0000000710be9f88}: com/sun/javafx/scene/control/skin/resources/controls> (0x0000000710be9f88) 
thrown [./open/src/hotspot/share/prims/jni.cpp, line 599]
Event: 11.136 Thread 0x000001d7cf13a3e0 Exception <a 'java/lang/ClassNotFoundException'{0x0000000710bf7a80}: com/sun/javafx/scene/control/skin/resources/controls_pl> (0x0000000710bf7a80) 
thrown [./open/src/hotspot/share/prims/jni.cpp, line 599]
Event: 11.136 Thread 0x000001d7cf13a3e0 Exception <a 'java/lang/ClassNotFoundException'{0x0000000710bf8a18}: com/sun/javafx/scene/control/skin/resources/controls_pl_PL> (0x0000000710bf8a18) 
thrown [./open/src/hotspot/share/prims/jni.cpp, line 599]
Event: 11.388 Thread 0x000001d7cf13a3e0 Implicit null exception at 0x000001d7ba1c73a3 to 0x000001d7ba1c89f0
Event: 11.403 Thread 0x000001d7cf13a3e0 Implicit null exception at 0x000001d7ba1dbaf4 to 0x000001d7ba1dc314
Event: 11.539 Thread 0x000001d7cf13a3e0 Exception <a 'java/lang/NoSuchMethodError'{0x000000070f139270}: 'java.lang.Object java.lang.invoke.DirectMethodHandle$Holder.newInvokeSpecial(java.lang.Object, java.lang.Object, int)'> (0x000000070f139270) 
thrown [./open/src/hotspot/share/interpreter/linkResolver.cpp, line 782]
Event: 11.608 Thread 0x000001d7cec956d0 Exception <a 'java/lang/NoSuchMethodError'{0x000000070ef1e700}: 'int java.lang.invoke.DirectMethodHandle$Holder.invokeStaticInit(java.lang.Object, java.lang.Object)'> (0x000000070ef1e700) 
thrown [./open/src/hotspot/share/interpreter/linkResolver.cpp, line 782]
Event: 16.960 Thread 0x000001d7cf13a3e0 Exception <a 'java/lang/NoSuchMethodError'{0x00000007058b8730}: 'long java.lang.invoke.DirectMethodHandle$Holder.invokeStatic(java.lang.Object, java.lang.Object, java.lang.Object)'> (0x00000007058b8730) 
thrown [./open/src/hotspot/share/interpreter/linkResolver.cpp, line 782]
Event: 16.960 Thread 0x000001d7cf13a3e0 Exception <a 'java/lang/NoSuchMethodError'{0x00000007058bc388}: 'long java.lang.invoke.DirectMethodHandle$Holder.invokeStaticInit(java.lang.Object, java.lang.Object, java.lang.Object)'> (0x00000007058bc388) 
thrown [./open/src/hotspot/share/interpreter/linkResolver.cpp, line 782]
Event: 16.966 Thread 0x000001d7cf13a3e0 Exception <a 'java/lang/NoSuchMethodError'{0x00000007058d4690}: 'java.lang.Object java.lang.invoke.DirectMethodHandle$Holder.newInvokeSpecial(java.lang.Object, java.lang.Object, long)'> (0x00000007058d4690) 
thrown [./open/src/hotspot/share/interpreter/linkResolver.cpp, line 782]
Event: 16.966 Thread 0x000001d7cf13a3e0 Exception <a 'java/lang/NoSuchMethodError'{0x00000007058d8400}: 'java.lang.Object java.lang.invoke.Invokers$Holder.linkToTargetMethod(java.lang.Object, long, java.lang.Object)'> (0x00000007058d8400) 
thrown [./open/src/hotspot/share/interpreter/linkResolver.cpp, line 782]
Event: 19.724 Thread 0x000001d7cf13a3e0 Implicit null exception at 0x000001d7ba225f71 to 0x000001d7ba225fc8
Event: 99.651 Thread 0x000001d7cf13a3e0 Exception <a 'java/io/FileNotFoundException'{0x0000000705475860}> (0x0000000705475860) 
thrown [./open/src/hotspot/share/prims/jni.cpp, line 578]
Event: 113.526 Thread 0x000001d7cf13a3e0 Exception <a 'java/lang/NoSuchMethodError'{0x000000070490cc50}: 'int java.lang.invoke.DirectMethodHandle$Holder.invokeVirtual(java.lang.Object, java.lang.Object)'> (0x000000070490cc50) 
thrown [./open/src/hotspot/share/interpreter/linkResolver.cpp, line 782]
Event: 113.529 Thread 0x000001d7cf13a3e0 Exception <a 'java/lang/NoSuchMethodError'{0x0000000704913ca0}: 'void java.lang.invoke.DirectMethodHandle$Holder.invokeVirtual(java.lang.Object, java.lang.Object, int)'> (0x0000000704913ca0) 
thrown [./open/src/hotspot/share/interpreter/linkResolver.cpp, line 782]
Event: 125.979 Thread 0x000001d7cf13a3e0 Exception <a 'java/lang/NoSuchMethodError'{0x0000000704454b40}: 'java.lang.Object java.lang.invoke.DirectMethodHandle$Holder.newInvokeSpecial(java.lang.Object, java.lang.Object, int, int, int, int, int, java.lang.Object)'> (0x0000000704454b40) 
thrown [./open/src/hotspot/share/interpreter/linkResolver.cpp, line 782]
Event: 125.990 Thread 0x000001d7cf13a3e0 Exception <a 'java/lang/NoSuchMethodError'{0x0000000704468c00}: 'java.lang.Object java.lang.invoke.DirectMethodHandle$Holder.newInvokeSpecial(java.lang.Object, java.lang.Object, java.lang.Object, int, int, int, int, int)'> (0x0000000704468c00) 
thrown [./open/src/hotspot/share/interpreter/linkResolver.cpp, line 782]
Event: 125.994 Thread 0x000001d7cf13a3e0 Exception <a 'java/lang/NoSuchMethodError'{0x0000000704470f58}: 'java.lang.Object java.lang.invoke.Invokers$Holder.linkToTargetMethod(java.lang.Object, java.lang.Object, int, int, int, int, int, java.lang.Object)'> (0x0000000704470f58) 
thrown [./open/src/hotspot/share/interpreter/linkResolver.cpp, line 782]

Events (20 events):
Event: 185.523 Executing VM operation: ChangeBreakpoints done
Event: 185.523 Executing VM operation: ChangeBreakpoints
Event: 185.523 Executing VM operation: ChangeBreakpoints done
Event: 185.523 Executing VM operation: ChangeBreakpoints
Event: 185.523 Executing VM operation: ChangeBreakpoints done
Event: 185.524 Thread 0x000001d7cea4ce30 Thread exited: 0x000001d7cea4ce30
Event: 185.547 loading class jdk/internal/misc/Signal$1
Event: 185.547 Executing VM operation: G1CollectForAllocation
Event: 185.560 Executing VM operation: G1CollectForAllocation done
Event: 185.560 loading class jdk/internal/misc/Signal$1 done
Event: 185.560 Thread 0x000001d7d7e9a6e0 Thread added: 0x000001d7d7e9a6e0
Event: 185.561 Thread 0x000001d7d7e9f3e0 Thread added: 0x000001d7d7e9f3e0
Event: 185.561 Thread 0x000001d7d7e98530 Thread added: 0x000001d7d7e98530
Event: 185.561 Thread 0x000001d7d7e9f3e0 Thread exited: 0x000001d7d7e9f3e0
Event: 185.561 loading class com/sun/javafx/tk/quantum/QuantumRenderer
Event: 185.561 loading class com/sun/javafx/tk/quantum/QuantumRenderer done
Event: 185.561 loading class com/sun/javafx/tk/quantum/QuantumToolkit
Event: 185.561 loading class com/sun/javafx/tk/quantum/QuantumToolkit done
Event: 185.562 Thread 0x000001d7d7e98530 Thread exited: 0x000001d7d7e98530
Event: 185.562 Executing VM operation: Exit


Dynamic libraries:
0x00007ff658da0000 - 0x00007ff658dad000 	D:\Users\Acer\.jdks\openjdk-15.0.1\bin\java.exe
0x00007ffd57890000 - 0x00007ffd57a86000 	C:\WINDOWS\SYSTEM32\ntdll.dll
0x00007ffd56310000 - 0x00007ffd563cd000 	C:\WINDOWS\System32\KERNEL32.DLL
0x00007ffd55620000 - 0x00007ffd558e9000 	C:\WINDOWS\System32\KERNELBASE.dll
0x00007ffd55030000 - 0x00007ffd55130000 	C:\WINDOWS\System32\ucrtbase.dll
0x00007ffd4f9b0000 - 0x00007ffd4f9c8000 	D:\Users\Acer\.jdks\openjdk-15.0.1\bin\jli.dll
0x00007ffd4fdc0000 - 0x00007ffd4fdd9000 	D:\Users\Acer\.jdks\openjdk-15.0.1\bin\VCRUNTIME140.dll
0x00007ffd55a20000 - 0x00007ffd55bc0000 	C:\WINDOWS\System32\USER32.dll
0x00007ffd3b0a0000 - 0x00007ffd3b33b000 	C:\WINDOWS\WinSxS\amd64_microsoft.windows.common-controls_6595b64144ccf1df_6.0.19041.746_none_ca02b4b61b8320a4\COMCTL32.dll
0x00007ffd55000000 - 0x00007ffd55022000 	C:\WINDOWS\System32\win32u.dll
0x00007ffd56fd0000 - 0x00007ffd5706e000 	C:\WINDOWS\System32\msvcrt.dll
0x00007ffd57070000 - 0x00007ffd5709a000 	C:\WINDOWS\System32\GDI32.dll
0x00007ffd55390000 - 0x00007ffd5549b000 	C:\WINDOWS\System32\gdi32full.dll
0x00007ffd55130000 - 0x00007ffd551cd000 	C:\WINDOWS\System32\msvcp_win.dll
0x00007ffd57290000 - 0x00007ffd572c0000 	C:\WINDOWS\System32\IMM32.DLL
0x00007ffd4fa50000 - 0x00007ffd4fa5c000 	D:\Users\Acer\.jdks\openjdk-15.0.1\bin\vcruntime140_1.dll
0x00007ffd4b6d0000 - 0x00007ffd4b761000 	D:\Users\Acer\.jdks\openjdk-15.0.1\bin\msvcp140.dll
0x00007ffce8800000 - 0x00007ffce935e000 	D:\Users\Acer\.jdks\openjdk-15.0.1\bin\server\jvm.dll
0x00007ffd56f20000 - 0x00007ffd56fcc000 	C:\WINDOWS\System32\ADVAPI32.dll
0x00007ffd572c0000 - 0x00007ffd5735c000 	C:\WINDOWS\System32\sechost.dll
0x00007ffd56500000 - 0x00007ffd5662b000 	C:\WINDOWS\System32\RPCRT4.dll
0x00007ffd566f0000 - 0x00007ffd566f8000 	C:\WINDOWS\System32\PSAPI.DLL
0x00007ffd527a0000 - 0x00007ffd527a9000 	C:\WINDOWS\SYSTEM32\WSOCK32.dll
0x00007ffd49110000 - 0x00007ffd49137000 	C:\WINDOWS\SYSTEM32\WINMM.dll
0x00007ffd4f020000 - 0x00007ffd4f02a000 	C:\WINDOWS\SYSTEM32\VERSION.dll
0x00007ffd56ea0000 - 0x00007ffd56f0b000 	C:\WINDOWS\System32\WS2_32.dll
0x00007ffd52f00000 - 0x00007ffd52f12000 	C:\WINDOWS\SYSTEM32\kernel.appcore.dll
0x00007ffd4f8d0000 - 0x00007ffd4f8da000 	D:\Users\Acer\.jdks\openjdk-15.0.1\bin\jimage.dll
0x00007ffd3dcc0000 - 0x00007ffd3dea4000 	C:\WINDOWS\SYSTEM32\DBGHELP.DLL
0x00007ffd3b350000 - 0x00007ffd3b37c000 	C:\WINDOWS\SYSTEM32\dbgcore.DLL
0x00007ffd555a0000 - 0x00007ffd55620000 	C:\WINDOWS\System32\bcryptPrimitives.dll
0x00007ffd4a8c0000 - 0x00007ffd4a8f9000 	D:\Users\Acer\.jdks\openjdk-15.0.1\bin\jdwp.dll
0x00007ffd4f400000 - 0x00007ffd4f40e000 	D:\Users\Acer\.jdks\openjdk-15.0.1\bin\instrument.dll
0x00007ffd4b6a0000 - 0x00007ffd4b6c5000 	D:\Users\Acer\.jdks\openjdk-15.0.1\bin\java.dll
0x00007ffd55bc0000 - 0x00007ffd56302000 	C:\WINDOWS\System32\SHELL32.dll
0x00007ffd53100000 - 0x00007ffd53890000 	C:\WINDOWS\SYSTEM32\windows.storage.dll
0x00007ffd57410000 - 0x00007ffd57766000 	C:\WINDOWS\System32\combase.dll
0x00007ffd54a30000 - 0x00007ffd54a5c000 	C:\WINDOWS\SYSTEM32\Wldp.dll
0x00007ffd56640000 - 0x00007ffd566ee000 	C:\WINDOWS\System32\SHCORE.dll
0x00007ffd558f0000 - 0x00007ffd55945000 	C:\WINDOWS\System32\shlwapi.dll
0x00007ffd54f00000 - 0x00007ffd54f26000 	C:\WINDOWS\SYSTEM32\profapi.dll
0x00007ffd4a8a0000 - 0x00007ffd4a8b9000 	D:\users\Acer\.jdks\openjdk-15.0.1\bin\net.dll
0x00007ffd4c080000 - 0x00007ffd4c180000 	C:\WINDOWS\SYSTEM32\WINHTTP.dll
0x00007ffd547b0000 - 0x00007ffd5481a000 	C:\WINDOWS\system32\mswsock.dll
0x00007ffd4a880000 - 0x00007ffd4a892000 	D:\users\Acer\.jdks\openjdk-15.0.1\bin\nio.dll
0x00007ffd4a780000 - 0x00007ffd4a798000 	D:\users\Acer\.jdks\openjdk-15.0.1\bin\zip.dll
0x00007ffd4b8c0000 - 0x00007ffd4b8cb000 	D:\Users\Acer\.jdks\openjdk-15.0.1\bin\dt_socket.dll
0x00007ffd54450000 - 0x00007ffd5448b000 	C:\WINDOWS\SYSTEM32\IPHLPAPI.DLL
0x000001d7a0290000 - 0x000001d7a0293000 	C:\Users\Acer\.openjfx\cache\15\api-ms-win-core-console-l1-1-0.dll
0x000001d7a2190000 - 0x000001d7a2193000 	C:\Users\Acer\.openjfx\cache\15\api-ms-win-core-console-l1-2-0.dll
0x000001d7a21a0000 - 0x000001d7a21a3000 	C:\Users\Acer\.openjfx\cache\15\api-ms-win-core-datetime-l1-1-0.dll
0x000001d7a21b0000 - 0x000001d7a21b3000 	C:\Users\Acer\.openjfx\cache\15\api-ms-win-core-debug-l1-1-0.dll
0x000001d7a21c0000 - 0x000001d7a21c3000 	C:\Users\Acer\.openjfx\cache\15\api-ms-win-core-errorhandling-l1-1-0.dll
0x000001d7a21d0000 - 0x000001d7a21d4000 	C:\Users\Acer\.openjfx\cache\15\api-ms-win-core-file-l1-1-0.dll
0x000001d7a21e0000 - 0x000001d7a21e3000 	C:\Users\Acer\.openjfx\cache\15\api-ms-win-core-file-l1-2-0.dll
0x000001d7a21f0000 - 0x000001d7a21f3000 	C:\Users\Acer\.openjfx\cache\15\api-ms-win-core-file-l2-1-0.dll
0x000001d7a2200000 - 0x000001d7a2203000 	C:\Users\Acer\.openjfx\cache\15\api-ms-win-core-handle-l1-1-0.dll
0x000001d7a2210000 - 0x000001d7a2213000 	C:\Users\Acer\.openjfx\cache\15\api-ms-win-core-heap-l1-1-0.dll
0x000001d7a2220000 - 0x000001d7a2223000 	C:\Users\Acer\.openjfx\cache\15\api-ms-win-core-interlocked-l1-1-0.dll
0x000001d7a2230000 - 0x000001d7a2233000 	C:\Users\Acer\.openjfx\cache\15\api-ms-win-core-libraryloader-l1-1-0.dll
0x000001d7a2240000 - 0x000001d7a2243000 	C:\Users\Acer\.openjfx\cache\15\api-ms-win-core-localization-l1-2-0.dll
0x000001d7cff30000 - 0x000001d7cff33000 	C:\Users\Acer\.openjfx\cache\15\api-ms-win-core-memory-l1-1-0.dll
0x000001d7cff40000 - 0x000001d7cff43000 	C:\Users\Acer\.openjfx\cache\15\api-ms-win-core-namedpipe-l1-1-0.dll
0x000001d7cff50000 - 0x000001d7cff53000 	C:\Users\Acer\.openjfx\cache\15\api-ms-win-core-processenvironment-l1-1-0.dll
0x000001d7cff60000 - 0x000001d7cff63000 	C:\Users\Acer\.openjfx\cache\15\api-ms-win-core-processthreads-l1-1-0.dll
0x000001d7cff70000 - 0x000001d7cff73000 	C:\Users\Acer\.openjfx\cache\15\api-ms-win-core-processthreads-l1-1-1.dll
0x000001d7cff80000 - 0x000001d7cff83000 	C:\Users\Acer\.openjfx\cache\15\api-ms-win-core-profile-l1-1-0.dll
0x000001d7cff90000 - 0x000001d7cff93000 	C:\Users\Acer\.openjfx\cache\15\api-ms-win-core-rtlsupport-l1-1-0.dll
0x000001d7cffa0000 - 0x000001d7cffa3000 	C:\Users\Acer\.openjfx\cache\15\api-ms-win-core-string-l1-1-0.dll
0x000001d7cffb0000 - 0x000001d7cffb3000 	C:\Users\Acer\.openjfx\cache\15\api-ms-win-core-synch-l1-1-0.dll
0x000001d7cffc0000 - 0x000001d7cffc3000 	C:\Users\Acer\.openjfx\cache\15\api-ms-win-core-synch-l1-2-0.dll
0x000001d7cffd0000 - 0x000001d7cffd3000 	C:\Users\Acer\.openjfx\cache\15\api-ms-win-core-sysinfo-l1-1-0.dll
0x000001d7cffe0000 - 0x000001d7cffe3000 	C:\Users\Acer\.openjfx\cache\15\api-ms-win-core-timezone-l1-1-0.dll
0x000001d7cfff0000 - 0x000001d7cfff3000 	C:\Users\Acer\.openjfx\cache\15\api-ms-win-core-util-l1-1-0.dll
0x000001d7d0000000 - 0x000001d7d0003000 	C:\Users\Acer\.openjfx\cache\15\api-ms-win-crt-conio-l1-1-0.dll
0x000001d7d0010000 - 0x000001d7d0014000 	C:\Users\Acer\.openjfx\cache\15\api-ms-win-crt-convert-l1-1-0.dll
0x000001d7d0020000 - 0x000001d7d0023000 	C:\Users\Acer\.openjfx\cache\15\api-ms-win-crt-environment-l1-1-0.dll
0x000001d7d0030000 - 0x000001d7d0033000 	C:\Users\Acer\.openjfx\cache\15\api-ms-win-crt-filesystem-l1-1-0.dll
0x000001d7d0040000 - 0x000001d7d0043000 	C:\Users\Acer\.openjfx\cache\15\api-ms-win-crt-heap-l1-1-0.dll
0x000001d7d0050000 - 0x000001d7d0053000 	C:\Users\Acer\.openjfx\cache\15\api-ms-win-crt-locale-l1-1-0.dll
0x000001d7d0060000 - 0x000001d7d0065000 	C:\Users\Acer\.openjfx\cache\15\api-ms-win-crt-math-l1-1-0.dll
0x000001d7d0070000 - 0x000001d7d0075000 	C:\Users\Acer\.openjfx\cache\15\api-ms-win-crt-multibyte-l1-1-0.dll
0x000001d7d0080000 - 0x000001d7d0090000 	C:\Users\Acer\.openjfx\cache\15\api-ms-win-crt-private-l1-1-0.dll
0x000001d7d0090000 - 0x000001d7d0093000 	C:\Users\Acer\.openjfx\cache\15\api-ms-win-crt-process-l1-1-0.dll
0x000001d7d00a0000 - 0x000001d7d00a4000 	C:\Users\Acer\.openjfx\cache\15\api-ms-win-crt-runtime-l1-1-0.dll
0x000001d7d00b0000 - 0x000001d7d00b4000 	C:\Users\Acer\.openjfx\cache\15\api-ms-win-crt-stdio-l1-1-0.dll
0x000001d7d00c0000 - 0x000001d7d00c4000 	C:\Users\Acer\.openjfx\cache\15\api-ms-win-crt-string-l1-1-0.dll
0x000001d7d00d0000 - 0x000001d7d00d3000 	C:\Users\Acer\.openjfx\cache\15\api-ms-win-crt-time-l1-1-0.dll
0x000001d7d00e0000 - 0x000001d7d00e3000 	C:\Users\Acer\.openjfx\cache\15\api-ms-win-crt-utility-l1-1-0.dll
0x00007ffd3a090000 - 0x00007ffd3a18c000 	C:\Users\Acer\.openjfx\cache\15\ucrtbase.dll
0x00007ffd4a260000 - 0x00007ffd4a275000 	C:\Users\Acer\.openjfx\cache\15\vcruntime140.dll
0x00007ffd49310000 - 0x00007ffd493ab000 	C:\Users\Acer\.openjfx\cache\15\msvcp140.dll
0x00007ffd499c0000 - 0x00007ffd499e3000 	C:\Users\Acer\.openjfx\cache\15\prism_d3d.dll
0x00007ffd4acc0000 - 0x00007ffd4ae8f000 	C:\WINDOWS\system32\d3d9.dll
0x00007ffd52c10000 - 0x00007ffd52c3f000 	C:\WINDOWS\SYSTEM32\dwmapi.dll
0x00007ffd52a40000 - 0x00007ffd52ade000 	C:\WINDOWS\system32\uxtheme.dll
0x00007ffd55230000 - 0x00007ffd55386000 	C:\WINDOWS\System32\crypt32.dll
0x00007ffd551d0000 - 0x00007ffd55230000 	C:\WINDOWS\System32\WINTRUST.DLL
0x00007ffd54bb0000 - 0x00007ffd54bc2000 	C:\WINDOWS\SYSTEM32\MSASN1.dll
0x00007ffd57210000 - 0x00007ffd5722d000 	C:\WINDOWS\System32\imagehlp.dll
0x00007ffd54980000 - 0x00007ffd54998000 	C:\WINDOWS\SYSTEM32\CRYPTSP.dll
0x00007ffd540e0000 - 0x00007ffd54114000 	C:\WINDOWS\system32\rsaenh.dll
0x00007ffd54fd0000 - 0x00007ffd54ff7000 	C:\WINDOWS\System32\bcrypt.dll
0x00007ffd549a0000 - 0x00007ffd549ac000 	C:\WINDOWS\SYSTEM32\CRYPTBASE.dll
0x00007ffd46470000 - 0x00007ffd4658a000 	C:\WINDOWS\System32\DriverStore\FileRepository\igdlh64.inf_amd64_4b34c18659561116\igdgmm64.dll
0x00007ffcf9fa0000 - 0x00007ffcfd922000 	C:\WINDOWS\System32\DriverStore\FileRepository\igdlh64.inf_amd64_4b34c18659561116\igd9dxva64.dll
0x00007ffd563d0000 - 0x00007ffd564fa000 	C:\WINDOWS\System32\OLE32.dll
0x00007ffd55950000 - 0x00007ffd55a1d000 	C:\WINDOWS\System32\OLEAUT32.dll
0x00007ffd3a040000 - 0x00007ffd3a085000 	C:\Users\Acer\.openjfx\cache\15\glass.dll
0x00007ffd57770000 - 0x00007ffd5784a000 	C:\WINDOWS\System32\COMDLG32.dll
0x00007ffd4da30000 - 0x00007ffd4da40000 	D:\Users\Acer\.jdks\openjdk-15.0.1\bin\verify.dll
0x00007ffd56d80000 - 0x00007ffd56e95000 	C:\WINDOWS\System32\MSCTF.dll
0x00007ffd31040000 - 0x00007ffd312e7000 	C:\WINDOWS\system32\nvspcap64.dll
0x00007ffd53ce0000 - 0x00007ffd53d13000 	C:\WINDOWS\SYSTEM32\ntmarta.dll
0x00007ffd53890000 - 0x00007ffd538b3000 	C:\WINDOWS\SYSTEM32\gpapi.dll
0x00007ffd48270000 - 0x00007ffd482a1000 	C:\WINDOWS\SYSTEM32\cryptnet.dll
0x00007ffd4f060000 - 0x00007ffd4f09b000 	C:\WINDOWS\SYSTEM32\dxcore.dll
0x00007ffd554a0000 - 0x00007ffd554ee000 	C:\WINDOWS\System32\cfgmgr32.dll
0x00007ffd4a240000 - 0x00007ffd4a254000 	C:\Users\Acer\.openjfx\cache\15\javafx_font.dll
0x00007ffd39240000 - 0x00007ffd394bf000 	C:\WINDOWS\SYSTEM32\dwrite.dll
0x00007ffd57360000 - 0x00007ffd57409000 	C:\WINDOWS\System32\clbcatq.dll
0x00007ffd4e920000 - 0x00007ffd4ead4000 	C:\WINDOWS\SYSTEM32\WindowsCodecs.dll
0x00007ffd49780000 - 0x00007ffd497be000 	C:\WINDOWS\system32\dataexchange.dll
0x00007ffd51460000 - 0x00007ffd516c4000 	C:\WINDOWS\system32\d3d11.dll
0x00007ffd51c90000 - 0x00007ffd51e77000 	C:\WINDOWS\system32\dcomp.dll
0x00007ffd538e0000 - 0x00007ffd539d3000 	C:\WINDOWS\system32\dxgi.dll
0x00007ffd50390000 - 0x00007ffd50591000 	C:\WINDOWS\system32\twinapi.appcore.dll
0x00007ffd3aa90000 - 0x00007ffd3aac4000 	C:\Program Files\Common Files\Microsoft Shared\Ink\rtscom.dll

dbghelp: loaded successfully - version: 4.0.5 - missing functions: none
symbol engine: initialized successfully - sym options: 0x614 - pdb path: .;D:\Users\Acer\.jdks\openjdk-15.0.1\bin;C:\WINDOWS\SYSTEM32;C:\WINDOWS\WinSxS\amd64_microsoft.windows.common-controls_6595b64144ccf1df_6.0.19041.746_none_ca02b4b61b8320a4;D:\Users\Acer\.jdks\openjdk-15.0.1\bin\server;C:\Users\Acer\.openjfx\cache\15;C:\WINDOWS\System32\DriverStore\FileRepository\nvac.inf_amd64_06bf0d76707109fb;C:\WINDOWS\System32\DriverStore\FileRepository\igdlh64.inf_amd64_4b34c18659561116;C:\Program Files\Common Files\Microsoft Shared\Ink

VM Arguments:
jvm_args: -agentlib:jdwp=transport=dt_socket,address=127.0.0.1:55615,suspend=y,server=n --add-modules=javafx.base,javafx.graphics --add-reads=javafx.base=ALL-UNNAMED --add-reads=javafx.graphics=ALL-UNNAMED -javaagent:C:\Users\Acer\AppData\Local\JetBrains\IdeaIC2020.2\captureAgent\debugger-agent.jar -Dfile.encoding=UTF-8 --module-path=C:\Users\Acer\.m2\repository\org\openjfx\javafx-base\15\javafx-base-15-win.jar;C:\Users\Acer\.m2\repository\org\openjfx\javafx-graphics\15\javafx-graphics-15-win.jar;D:\GitHub\java-competition-manager\competition\target\classes;C:\Users\Acer\.m2\repository\org\openjfx\javafx-fxml\11.0.1\javafx-fxml-11.0.1.jar;C:\Users\Acer\.m2\repository\org\openjfx\javafx-fxml\11.0.1\javafx-fxml-11.0.1-win.jar;C:\Users\Acer\.m2\repository\com\fasterxml\jackson\core\jackson-core\2.9.9\jackson-core-2.9.9.jar;C:\Users\Acer\.m2\repository\com\fasterxml\jackson\core\jackson-databind\2.9.9.3\jackson-databind-2.9.9.3.jar;C:\Users\Acer\.m2\repository\com\fasterxml\jackson\core\jackson-annotations\2.12.0\jackson-annotations-2.12.0.jar;C:\Users\Acer\.m2\repository\org\openjfx\javafx-controls\15\javafx-controls-15.jar;C:\Users\Acer\.m2\repository\org\openjfx\javafx-controls\15\javafx-controls-15-win.jar;C:\Users\Acer\.m2\repository\org\junit\jupiter\junit-jupiter\5.7.0\junit-jupiter-5.7.0.jar;C:\Users\Acer\.m2\repository\org\junit\jupiter\junit-jupiter-api\5.7.0\junit-jupiter-api-5.7.0.jar;C:\Users\Acer\.m2\repository\org\opentest4j\opentest4j\1.2.0\opentest4j-1.2.0.jar;C:\Users\Acer\.m2\repository\org\junit\platform\junit-platform-commons\1.7.0\junit-platform-commons-1.7.0.jar;C:\Users\Acer\.m2\repository\org\junit\jupiter\junit-jupiter-params\5.7.0\junit-jupiter-params-5.7.0.jar;C:\Users\Acer\.m2\repository\org\testng\testng\7.3.0\testng-7.3.0.jar;C:\Users\Acer\.m2\repository\com\beust\jcommander\1.78\jcommander-1.78.jar;C:\Users\Acer\.m2\repository\org\apache\ant\ant\1.10.3\ant-1.10.3.jar;C:\Users\Acer\.m2\repository\org\apache\ant\ant-launcher\1.10.3\ant-launcher-1.10.3.jar;C:\Users\Acer\.m2\repository\junit\junit\4.12\junit-4.12.jar;C:\Users\Acer\.m2\repository\org\hamcrest\hamcrest-core\1.3\hamcrest-core-1.3.jar;C:\Users\Acer\.m2\repository\com\google\inject\guice\4.2.2\guice-4.2.2-no_aop.jar;C:\Users\Acer\.m2\repository\javax\inject\javax.inject\1\javax.inject-1.jar;C:\U-Djdk.module.main=com.competition 
java_command: com.competition/com.competition.Main.Main
java_class_path (initial): C:\Program Files\JetBrains\IntelliJ IDEA Community Edition 2020.2.3\lib\idea_rt.jar
Launcher Type: SUN_STANDARD

[Global flags]
     intx CICompilerCount                          = 4                                         {product} {ergonomic}
     uint ConcGCThreads                            = 2                                         {product} {ergonomic}
     uint G1ConcRefinementThreads                  = 8                                         {product} {ergonomic}
   size_t G1HeapRegionSize                         = 2097152                                   {product} {ergonomic}
    uintx GCDrainStackTargetSize                   = 64                                        {product} {ergonomic}
   size_t InitialHeapSize                          = 266338304                                 {product} {ergonomic}
   size_t MarkStackSize                            = 4194304                                   {product} {ergonomic}
   size_t MaxHeapSize                              = 4255121408                                {product} {ergonomic}
   size_t MaxNewSize                               = 2552233984                                {product} {ergonomic}
   size_t MinHeapDeltaBytes                        = 2097152                                   {product} {ergonomic}
   size_t MinHeapSize                              = 8388608                                   {product} {ergonomic}
    uintx NonNMethodCodeHeapSize                   = 5839372                                {pd product} {ergonomic}
    uintx NonProfiledCodeHeapSize                  = 122909434                              {pd product} {ergonomic}
    uintx ProfiledCodeHeapSize                     = 122909434                              {pd product} {ergonomic}
    uintx ReservedCodeCacheSize                    = 251658240                              {pd product} {ergonomic}
     bool SegmentedCodeCache                       = true                                      {product} {ergonomic}
   size_t SoftMaxHeapSize                          = 4255121408                             {manageable} {ergonomic}
     bool UseCompressedClassPointers               = true                                 {lp64_product} {ergonomic}
     bool UseCompressedOops                        = true                                 {lp64_product} {ergonomic}
     bool UseG1GC                                  = true                                      {product} {ergonomic}
     bool UseLargePagesIndividualAllocation        = false                                  {pd product} {ergonomic}

Logging:
Log output configuration:
 #0: stdout all=off uptime,level,tags
 #1: stderr all=off uptime,level,tags

Environment Variables:
PATH=C:\ProgramData\Anaconda3_2;C:\ProgramData\Anaconda3_2\Library\mingw-w64\bin;C:\ProgramData\Anaconda3_2\Library\usr\bin;C:\ProgramData\Anaconda3_2\Library\bin;C:\ProgramData\Anaconda3_2\Scripts;C:\Program Files (x86)\Python38-32\Scripts\;C:\Program Files (x86)\Python38-32\;C:\Program Files (x86)\Common Files\Oracle\Java\javapath;C:\Windows\system32;C:\Windows;C:\Windows\System32\Wbem;C:\Windows\System32\WindowsPowerShell\v1.0\;C:\Windows\System32\OpenSSH\;C:\Program Files (x86)\NVIDIA Corporation\PhysX\Common;C:\Program Files\NVIDIA Corporation\NVIDIA NvDLISR;C:\WINDOWS\system32;C:\WINDOWS;C:\WINDOWS\System32\Wbem;C:\WINDOWS\System32\WindowsPowerShell\v1.0\;C:\WINDOWS\System32\OpenSSH\;C:\Program Files\Microsoft SQL Server\130\Tools\Binn\;C:\Program Files\Microsoft SQL Server\Client SDK\ODBC\170\Tools\Binn\;C:\Program Files (x86)\Microsoft SQL Server\150\DTS\Binn\;C:\Android;C:\Program Files\dotnet\;C:\Program Files\Git\cmd;D:\Users\Acer\anaconda3;D:\Users\Acer\anaconda3\Library\mingw-w64\bin;D:\Users\Acer\anaconda3\Library\usr\bin;D:\Users\Acer\anaconda3\Library\bin;D:\Users\Acer\anaconda3\Scripts;C:\Users\Acer\AppData\Local\Microsoft\WindowsApps;C:\Users\Acer\AppData\Local\Programs\Microsoft VS Code\bin;C:\Users\Acer\.dotnet\tools;C:\Users\Acer\.dotnet\tools;C:\Program Files\JetBrains\IntelliJ IDEA Community Edition 2020.2.3\bin;;C:\Users\Acer\AppData\Local\Microsoft\WindowsApps;C:\Users\Acer\AppData\Local\GitHubDesktop\bin
USERNAME=Acer
OS=Windows_NT
PROCESSOR_IDENTIFIER=Intel64 Family 6 Model 158 Stepping 10, GenuineIntel



---------------  S Y S T E M  ---------------

OS:
 Windows 10 , 64 bit Build 19041 (10.0.19041.804)
OS uptime: 9 days 23:39 hours

CPU: total 8 (initial active 8) (4 cores per cpu, 2 threads per core) family 6 model 158 stepping 10 microcode 0xb4, cmov, cx8, fxsr, mmx, sse, sse2, sse3, ssse3, sse4.1, sse4.2, popcnt, vzeroupper, avx, avx2, aes, clmul, erms, 3dnowpref, lzcnt, ht, tsc, tscinvbit, bmi1, bmi2, adx, fma, clflush, clflushopt

Memory: 4k page, system-wide physical 16226M (6857M free)
TotalPageFile size 19298M (AvailPageFile size 2258M)
current process WorkingSet (physical memory assigned to process): 176M, peak: 191M
current process commit charge ("private bytes"): 341M, peak: 471M

vm_info: OpenJDK 64-Bit Server VM (15.0.1+9-18) for windows-amd64 JRE (15.0.1+9-18), built on Sep 15 2020 14:39:31 by "mach5one" with unknown MS VC++:1925

END.
